
bb_init()
    conn:
    proto_major = 7
    proto_minor = 39
    async_read = 1
    max_write = 131072
    max_readahead = 131072
    capable = 00000ffb
    want = 00000010
    max_background = 0
    congestion_threshold = 0
    context:
    fuse = 9c0c7810
    uid = 0
    gid = 0
    pid = 0
    private_data = 9c0c72a0
    logfile = 9c0c7320
    rootdir = /home/danktapir/git/sharesp241/danktapir/W03/fuse-tutorial-2018-02-04/example/rootdir
    umask = 00000

bb_getattr(path="/", statbuf=0xf6ee9bf0)
    bb_fullpath:  rootdir = "/home/danktapir/git/sharesp241/danktapir/W03/fuse-tutorial-2018-02-04/example/rootdir", path = "/", fpath = "/home/danktapir/git/sharesp241/danktapir/W03/fuse-tutorial-2018-02-04/example/rootdir/"
    lstat returned 0
    si:
    st_dev = 2049
    st_ino = 791378
    st_mode = 040755
    st_nlink = 2
    st_uid = 1000
    st_gid = 1000
    st_rdev = 0
    st_size = 4096
    st_blksize = 4096
    st_blocks = 8
    st_atime = 0x65e02ce2
    st_mtime = 0x65e02c7f
    st_ctime = 0x65e02c7f

bb_getxattr(path = "/", name = "security.selinux", value = 0xe8000c40, size = 255)
    bb_fullpath:  rootdir = "/home/danktapir/git/sharesp241/danktapir/W03/fuse-tutorial-2018-02-04/example/rootdir", path = "/", fpath = "/home/danktapir/git/sharesp241/danktapir/W03/fuse-tutorial-2018-02-04/example/rootdir/"
    lgetxattr returned -1
    ERROR lgetxattr: No data available

bb_getxattr(path = "/", name = "system.posix_acl_access", value = 0xf0001fe0, size = 4096)
    bb_fullpath:  rootdir = "/home/danktapir/git/sharesp241/danktapir/W03/fuse-tutorial-2018-02-04/example/rootdir", path = "/", fpath = "/home/danktapir/git/sharesp241/danktapir/W03/fuse-tutorial-2018-02-04/example/rootdir/"
    lgetxattr returned -1
    ERROR lgetxattr: No data available

bb_getxattr(path = "/", name = "system.posix_acl_default", value = 0xe8000ef0, size = 4096)
    bb_fullpath:  rootdir = "/home/danktapir/git/sharesp241/danktapir/W03/fuse-tutorial-2018-02-04/example/rootdir", path = "/", fpath = "/home/danktapir/git/sharesp241/danktapir/W03/fuse-tutorial-2018-02-04/example/rootdir/"
    lgetxattr returned -1
    ERROR lgetxattr: No data available

bb_opendir(path="/", fi=0xf6ee9c10)
    bb_fullpath:  rootdir = "/home/danktapir/git/sharesp241/danktapir/W03/fuse-tutorial-2018-02-04/example/rootdir", path = "/", fpath = "/home/danktapir/git/sharesp241/danktapir/W03/fuse-tutorial-2018-02-04/example/rootdir/"
    opendir returned 0x0x7fc8f00020f0
    fi:
    flags = 0x00018800
    fh_old = 0x00000000
    writepage = 0
    direct_io = 0
    keep_cache = 0
    fh = 0x00007fc8f00020f0
    lock_owner = 0x0000000000000000

bb_readdir(path="/", buf=0xf0002070, filler=0xf70fba90, offset=0, fi=0xf66c6c10)
    readdir returned 0x0x7fc8f0002120
calling filler with name .
calling filler with name ..
calling filler with name bogus.txt
    fi:
    flags = 0x00000000
    fh_old = 0x7fc8f00020f0
    writepage = 0
    direct_io = 0
    keep_cache = 0
    fh = 0x00007fc8f00020f0
    lock_owner = 0x0000000000000000

bb_getattr(path="/bogus.txt", statbuf=0xf6ee9c20)
    bb_fullpath:  rootdir = "/home/danktapir/git/sharesp241/danktapir/W03/fuse-tutorial-2018-02-04/example/rootdir", path = "/bogus.txt", fpath = "/home/danktapir/git/sharesp241/danktapir/W03/fuse-tutorial-2018-02-04/example/rootdir/bogus.txt"
    lstat returned 0
    si:
    st_dev = 2049
    st_ino = 791379
    st_mode = 0100644
    st_nlink = 1
    st_uid = 1000
    st_gid = 1000
    st_rdev = 0
    st_size = 11
    st_blksize = 4096
    st_blocks = 8
    st_atime = 0x65e02c7f
    st_mtime = 0x65e02c7f
    st_ctime = 0x65e02c7f

bb_getxattr(path = "/bogus.txt", name = "security.selinux", value = 0xe8000c40, size = 255)
    bb_fullpath:  rootdir = "/home/danktapir/git/sharesp241/danktapir/W03/fuse-tutorial-2018-02-04/example/rootdir", path = "/bogus.txt", fpath = "/home/danktapir/git/sharesp241/danktapir/W03/fuse-tutorial-2018-02-04/example/rootdir/bogus.txt"
    lgetxattr returned -1
    ERROR lgetxattr: No data available

bb_getxattr(path = "/bogus.txt", name = "system.posix_acl_access", value = 0xf000a3b0, size = 4096)
    bb_fullpath:  rootdir = "/home/danktapir/git/sharesp241/danktapir/W03/fuse-tutorial-2018-02-04/example/rootdir", path = "/bogus.txt", fpath = "/home/danktapir/git/sharesp241/danktapir/W03/fuse-tutorial-2018-02-04/example/rootdir/bogus.txt"
    lgetxattr returned -1
    ERROR lgetxattr: No data available

bb_releasedir(path="/", fi=0xf5ea3c10)
    fi:
    flags = 0x00000000
    fh_old = 0x7fc8f00020f0
    writepage = 0
    direct_io = 0
    keep_cache = 0
    fh = 0x00007fc8f00020f0
    lock_owner = 0x0000000000000000

bb_getattr(path="/", statbuf=0xf5ea3bf0)
    bb_fullpath:  rootdir = "/home/danktapir/git/sharesp241/danktapir/W03/fuse-tutorial-2018-02-04/example/rootdir", path = "/", fpath = "/home/danktapir/git/sharesp241/danktapir/W03/fuse-tutorial-2018-02-04/example/rootdir/"
    lstat returned 0
    si:
    st_dev = 2049
    st_ino = 791378
    st_mode = 040755
    st_nlink = 2
    st_uid = 1000
    st_gid = 1000
    st_rdev = 0
    st_size = 4096
    st_blksize = 4096
    st_blocks = 8
    st_atime = 0x65e02ce2
    st_mtime = 0x65e02c7f
    st_ctime = 0x65e02c7f

bb_getxattr(path = "/", name = "security.selinux", value = 0xf0001e40, size = 255)
    bb_fullpath:  rootdir = "/home/danktapir/git/sharesp241/danktapir/W03/fuse-tutorial-2018-02-04/example/rootdir", path = "/", fpath = "/home/danktapir/git/sharesp241/danktapir/W03/fuse-tutorial-2018-02-04/example/rootdir/"
    lgetxattr returned -1
    ERROR lgetxattr: No data available

bb_getxattr(path = "/", name = "system.posix_acl_access", value = 0xf0002290, size = 4096)
    bb_fullpath:  rootdir = "/home/danktapir/git/sharesp241/danktapir/W03/fuse-tutorial-2018-02-04/example/rootdir", path = "/", fpath = "/home/danktapir/git/sharesp241/danktapir/W03/fuse-tutorial-2018-02-04/example/rootdir/"
    lgetxattr returned -1
    ERROR lgetxattr: No data available

bb_getxattr(path = "/", name = "system.posix_acl_default", value = 0xe80014b0, size = 4096)
    bb_fullpath:  rootdir = "/home/danktapir/git/sharesp241/danktapir/W03/fuse-tutorial-2018-02-04/example/rootdir", path = "/", fpath = "/home/danktapir/git/sharesp241/danktapir/W03/fuse-tutorial-2018-02-04/example/rootdir/"
    lgetxattr returned -1
    ERROR lgetxattr: No data available

bb_getattr(path="/", statbuf=0xf6ee9bf0)
    bb_fullpath:  rootdir = "/home/danktapir/git/sharesp241/danktapir/W03/fuse-tutorial-2018-02-04/example/rootdir", path = "/", fpath = "/home/danktapir/git/sharesp241/danktapir/W03/fuse-tutorial-2018-02-04/example/rootdir/"
    lstat returned 0
    si:
    st_dev = 2049
    st_ino = 791378
    st_mode = 040755
    st_nlink = 2
    st_uid = 1000
    st_gid = 1000
    st_rdev = 0
    st_size = 4096
    st_blksize = 4096
    st_blocks = 8
    st_atime = 0x65e02ce2
    st_mtime = 0x65e02c7f
    st_ctime = 0x65e02c7f

bb_access(path="/", mask=01)
    bb_fullpath:  rootdir = "/home/danktapir/git/sharesp241/danktapir/W03/fuse-tutorial-2018-02-04/example/rootdir", path = "/", fpath = "/home/danktapir/git/sharesp241/danktapir/W03/fuse-tutorial-2018-02-04/example/rootdir/"

bb_getattr(path="/", statbuf=0xf66c6bf0)
    bb_fullpath:  rootdir = "/home/danktapir/git/sharesp241/danktapir/W03/fuse-tutorial-2018-02-04/example/rootdir", path = "/", fpath = "/home/danktapir/git/sharesp241/danktapir/W03/fuse-tutorial-2018-02-04/example/rootdir/"
    lstat returned 0
    si:
    st_dev = 2049
    st_ino = 791378
    st_mode = 040755
    st_nlink = 2
    st_uid = 1000
    st_gid = 1000
    st_rdev = 0
    st_size = 4096
    st_blksize = 4096
    st_blocks = 8
    st_atime = 0x65e02ce2
    st_mtime = 0x65e02c7f
    st_ctime = 0x65e02c7f

bb_getattr(path="/danktapir.txt", statbuf=0xf6ee9c20)
    bb_fullpath:  rootdir = "/home/danktapir/git/sharesp241/danktapir/W03/fuse-tutorial-2018-02-04/example/rootdir", path = "/danktapir.txt", fpath = "/home/danktapir/git/sharesp241/danktapir/W03/fuse-tutorial-2018-02-04/example/rootdir/danktapir.txt"
    lstat returned -1
    ERROR lstat: No such file or directory
    si:
    st_dev = 0
    st_ino = 0
    st_mode = 00
    st_nlink = 0
    st_uid = 0
    st_gid = 0
    st_rdev = 0
    st_size = 0
    st_blksize = 0
    st_blocks = 0
    st_atime = 0x00000000
    st_mtime = 0x00000000
    st_ctime = 0x00000000

bb_mknod(path="/danktapir.txt", mode=0100644, dev=0)
    bb_fullpath:  rootdir = "/home/danktapir/git/sharesp241/danktapir/W03/fuse-tutorial-2018-02-04/example/rootdir", path = "/danktapir.txt", fpath = "/home/danktapir/git/sharesp241/danktapir/W03/fuse-tutorial-2018-02-04/example/rootdir/danktapir.txt"
    open returned 5
    close returned 0

bb_getattr(path="/danktapir.txt", statbuf=0xf66c6c20)
    bb_fullpath:  rootdir = "/home/danktapir/git/sharesp241/danktapir/W03/fuse-tutorial-2018-02-04/example/rootdir", path = "/danktapir.txt", fpath = "/home/danktapir/git/sharesp241/danktapir/W03/fuse-tutorial-2018-02-04/example/rootdir/danktapir.txt"
    lstat returned 0
    si:
    st_dev = 2049
    st_ino = 791157
    st_mode = 0100644
    st_nlink = 1
    st_uid = 1000
    st_gid = 1000
    st_rdev = 0
    st_size = 0
    st_blksize = 4096
    st_blocks = 0
    st_atime = 0x65e02de2
    st_mtime = 0x65e02de2
    st_ctime = 0x65e02de2

bb_open(path"/danktapir.txt", fi=0xf6ee9cd0)
    bb_fullpath:  rootdir = "/home/danktapir/git/sharesp241/danktapir/W03/fuse-tutorial-2018-02-04/example/rootdir", path = "/danktapir.txt", fpath = "/home/danktapir/git/sharesp241/danktapir/W03/fuse-tutorial-2018-02-04/example/rootdir/danktapir.txt"
    open returned 5
    fi:
    flags = 0x00008801
    fh_old = 0x00000000
    writepage = 0
    direct_io = 0
    keep_cache = 0
    fh = 0x0000000000000005
    lock_owner = 0x0000000000000000

bb_flush(path="/danktapir.txt", fi=0xf5ea3cd0)
    fi:
    flags = 0x00000000
    fh_old = 0x00000005
    writepage = 0
    direct_io = 0
    keep_cache = 0
    fh = 0x0000000000000005
    lock_owner = 0x74f23fadbf52e0c6

bb_utime(path="/danktapir.txt", ubuf=0xf66c6a80)
    bb_fullpath:  rootdir = "/home/danktapir/git/sharesp241/danktapir/W03/fuse-tutorial-2018-02-04/example/rootdir", path = "/danktapir.txt", fpath = "/home/danktapir/git/sharesp241/danktapir/W03/fuse-tutorial-2018-02-04/example/rootdir/danktapir.txt"
    utime returned 0

bb_getattr(path="/danktapir.txt", statbuf=0xf66c6b50)
    bb_fullpath:  rootdir = "/home/danktapir/git/sharesp241/danktapir/W03/fuse-tutorial-2018-02-04/example/rootdir", path = "/danktapir.txt", fpath = "/home/danktapir/git/sharesp241/danktapir/W03/fuse-tutorial-2018-02-04/example/rootdir/danktapir.txt"
    lstat returned 0
    si:
    st_dev = 2049
    st_ino = 791157
    st_mode = 0100644
    st_nlink = 1
    st_uid = 1000
    st_gid = 1000
    st_rdev = 0
    st_size = 0
    st_blksize = 4096
    st_blocks = 0
    st_atime = 0x65e02de2
    st_mtime = 0x65e02de2
    st_ctime = 0x65e02de2

bb_flush(path="/danktapir.txt", fi=0xf6ee9cd0)
    fi:
    flags = 0x00000000
    fh_old = 0x00000005
    writepage = 0
    direct_io = 0
    keep_cache = 0
    fh = 0x0000000000000005
    lock_owner = 0x74f23fadbf52e0c6

bb_release(path="/danktapir.txt", fi=0xf5ea3cd0)
    fi:
    flags = 0x00008801
    fh_old = 0x00000005
    writepage = 0
    direct_io = 0
    keep_cache = 0
    fh = 0x0000000000000005
    lock_owner = 0x0000000000000000
    close returned 0

bb_opendir(path="/", fi=0xf66c6c10)
    bb_fullpath:  rootdir = "/home/danktapir/git/sharesp241/danktapir/W03/fuse-tutorial-2018-02-04/example/rootdir", path = "/", fpath = "/home/danktapir/git/sharesp241/danktapir/W03/fuse-tutorial-2018-02-04/example/rootdir/"
    opendir returned 0x0x7fc8e80016e0
    fi:
    flags = 0x00018800
    fh_old = 0x00000000
    writepage = 0
    direct_io = 0
    keep_cache = 0
    fh = 0x00007fc8e80016e0
    lock_owner = 0x0000000000000000

bb_getattr(path="/", statbuf=0xf6ee9bf0)
    bb_fullpath:  rootdir = "/home/danktapir/git/sharesp241/danktapir/W03/fuse-tutorial-2018-02-04/example/rootdir", path = "/", fpath = "/home/danktapir/git/sharesp241/danktapir/W03/fuse-tutorial-2018-02-04/example/rootdir/"
    lstat returned 0
    si:
    st_dev = 2049
    st_ino = 791378
    st_mode = 040755
    st_nlink = 2
    st_uid = 1000
    st_gid = 1000
    st_rdev = 0
    st_size = 4096
    st_blksize = 4096
    st_blocks = 8
    st_atime = 0x65e02ce2
    st_mtime = 0x65e02de2
    st_ctime = 0x65e02de2

bb_readdir(path="/", buf=0xe8001660, filler=0xf70fba90, offset=0, fi=0xf5ea3c10)
    readdir returned 0x0x7fc8e8001710
calling filler with name danktapir.txt
calling filler with name .
calling filler with name ..
calling filler with name bogus.txt
    fi:
    flags = 0x00000000
    fh_old = 0x7fc8e80016e0
    writepage = 0
    direct_io = 0
    keep_cache = 0
    fh = 0x00007fc8e80016e0
    lock_owner = 0x0000000000000000

bb_getattr(path="/danktapir.txt", statbuf=0xf66c6c20)
    bb_fullpath:  rootdir = "/home/danktapir/git/sharesp241/danktapir/W03/fuse-tutorial-2018-02-04/example/rootdir", path = "/danktapir.txt", fpath = "/home/danktapir/git/sharesp241/danktapir/W03/fuse-tutorial-2018-02-04/example/rootdir/danktapir.txt"
    lstat returned 0
    si:
    st_dev = 2049
    st_ino = 791157
    st_mode = 0100644
    st_nlink = 1
    st_uid = 1000
    st_gid = 1000
    st_rdev = 0
    st_size = 0
    st_blksize = 4096
    st_blocks = 0
    st_atime = 0x65e02de2
    st_mtime = 0x65e02de2
    st_ctime = 0x65e02de2

bb_getxattr(path = "/danktapir.txt", name = "security.selinux", value = 0xf0001e40, size = 255)
    bb_fullpath:  rootdir = "/home/danktapir/git/sharesp241/danktapir/W03/fuse-tutorial-2018-02-04/example/rootdir", path = "/danktapir.txt", fpath = "/home/danktapir/git/sharesp241/danktapir/W03/fuse-tutorial-2018-02-04/example/rootdir/danktapir.txt"
    lgetxattr returned -1
    ERROR lgetxattr: No data available

bb_getxattr(path = "/danktapir.txt", name = "system.posix_acl_access", value = 0xec001140, size = 4096)
    bb_fullpath:  rootdir = "/home/danktapir/git/sharesp241/danktapir/W03/fuse-tutorial-2018-02-04/example/rootdir", path = "/danktapir.txt", fpath = "/home/danktapir/git/sharesp241/danktapir/W03/fuse-tutorial-2018-02-04/example/rootdir/danktapir.txt"
    lgetxattr returned -1
    ERROR lgetxattr: No data available

bb_getxattr(path = "/", name = "security.selinux", value = 0xe8000c40, size = 255)
    bb_fullpath:  rootdir = "/home/danktapir/git/sharesp241/danktapir/W03/fuse-tutorial-2018-02-04/example/rootdir", path = "/", fpath = "/home/danktapir/git/sharesp241/danktapir/W03/fuse-tutorial-2018-02-04/example/rootdir/"
    lgetxattr returned -1
    ERROR lgetxattr: No data available

bb_getxattr(path = "/", name = "system.posix_acl_access", value = 0xf0002290, size = 4096)
    bb_fullpath:  rootdir = "/home/danktapir/git/sharesp241/danktapir/W03/fuse-tutorial-2018-02-04/example/rootdir", path = "/", fpath = "/home/danktapir/git/sharesp241/danktapir/W03/fuse-tutorial-2018-02-04/example/rootdir/"
    lgetxattr returned -1
    ERROR lgetxattr: No data available

bb_getxattr(path = "/", name = "system.posix_acl_default", value = 0xec001140, size = 4096)
    bb_fullpath:  rootdir = "/home/danktapir/git/sharesp241/danktapir/W03/fuse-tutorial-2018-02-04/example/rootdir", path = "/", fpath = "/home/danktapir/git/sharesp241/danktapir/W03/fuse-tutorial-2018-02-04/example/rootdir/"
    lgetxattr returned -1
    ERROR lgetxattr: No data available

bb_getattr(path="/bogus.txt", statbuf=0xf66c6c20)
    bb_fullpath:  rootdir = "/home/danktapir/git/sharesp241/danktapir/W03/fuse-tutorial-2018-02-04/example/rootdir", path = "/bogus.txt", fpath = "/home/danktapir/git/sharesp241/danktapir/W03/fuse-tutorial-2018-02-04/example/rootdir/bogus.txt"
    lstat returned 0
    si:
    st_dev = 2049
    st_ino = 791379
    st_mode = 0100644
    st_nlink = 1
    st_uid = 1000
    st_gid = 1000
    st_rdev = 0
    st_size = 11
    st_blksize = 4096
    st_blocks = 8
    st_atime = 0x65e02c7f
    st_mtime = 0x65e02c7f
    st_ctime = 0x65e02c7f

bb_getxattr(path = "/bogus.txt", name = "security.selinux", value = 0xf0001e40, size = 255)
    bb_fullpath:  rootdir = "/home/danktapir/git/sharesp241/danktapir/W03/fuse-tutorial-2018-02-04/example/rootdir", path = "/bogus.txt", fpath = "/home/danktapir/git/sharesp241/danktapir/W03/fuse-tutorial-2018-02-04/example/rootdir/bogus.txt"
    lgetxattr returned -1
    ERROR lgetxattr: No data available

bb_getxattr(path = "/bogus.txt", name = "system.posix_acl_access", value = 0xec001140, size = 4096)
    bb_fullpath:  rootdir = "/home/danktapir/git/sharesp241/danktapir/W03/fuse-tutorial-2018-02-04/example/rootdir", path = "/bogus.txt", fpath = "/home/danktapir/git/sharesp241/danktapir/W03/fuse-tutorial-2018-02-04/example/rootdir/bogus.txt"
    lgetxattr returned -1
    ERROR lgetxattr: No data available

bb_releasedir(path="/", fi=0xf6ee9c10)
    fi:
    flags = 0x00000000
    fh_old = 0x7fc8e80016e0
    writepage = 0
    direct_io = 0
    keep_cache = 0
    fh = 0x00007fc8e80016e0
    lock_owner = 0x0000000000000000

bb_getattr(path="/", statbuf=0xf5ea3bf0)
    bb_fullpath:  rootdir = "/home/danktapir/git/sharesp241/danktapir/W03/fuse-tutorial-2018-02-04/example/rootdir", path = "/", fpath = "/home/danktapir/git/sharesp241/danktapir/W03/fuse-tutorial-2018-02-04/example/rootdir/"
    lstat returned 0
    si:
    st_dev = 2049
    st_ino = 791378
    st_mode = 040755
    st_nlink = 2
    st_uid = 1000
    st_gid = 1000
    st_rdev = 0
    st_size = 4096
    st_blksize = 4096
    st_blocks = 8
    st_atime = 0x65e02de4
    st_mtime = 0x65e02de2
    st_ctime = 0x65e02de2

bb_getattr(path="/", statbuf=0xf66c6bf0)
    bb_fullpath:  rootdir = "/home/danktapir/git/sharesp241/danktapir/W03/fuse-tutorial-2018-02-04/example/rootdir", path = "/", fpath = "/home/danktapir/git/sharesp241/danktapir/W03/fuse-tutorial-2018-02-04/example/rootdir/"
    lstat returned 0
    si:
    st_dev = 2049
    st_ino = 791378
    st_mode = 040755
    st_nlink = 2
    st_uid = 1000
    st_gid = 1000
    st_rdev = 0
    st_size = 4096
    st_blksize = 4096
    st_blocks = 8
    st_atime = 0x65e02de4
    st_mtime = 0x65e02de2
    st_ctime = 0x65e02de2

bb_getxattr(path = "/", name = "security.selinux", value = 0xf0001e40, size = 255)
    bb_fullpath:  rootdir = "/home/danktapir/git/sharesp241/danktapir/W03/fuse-tutorial-2018-02-04/example/rootdir", path = "/", fpath = "/home/danktapir/git/sharesp241/danktapir/W03/fuse-tutorial-2018-02-04/example/rootdir/"
    lgetxattr returned -1
    ERROR lgetxattr: No data available

bb_getxattr(path = "/", name = "system.posix_acl_access", value = 0xec001140, size = 4096)
    bb_fullpath:  rootdir = "/home/danktapir/git/sharesp241/danktapir/W03/fuse-tutorial-2018-02-04/example/rootdir", path = "/", fpath = "/home/danktapir/git/sharesp241/danktapir/W03/fuse-tutorial-2018-02-04/example/rootdir/"
    lgetxattr returned -1
    ERROR lgetxattr: No data available

bb_getxattr(path = "/", name = "system.posix_acl_default", value = 0xe80016e0, size = 4096)
    bb_fullpath:  rootdir = "/home/danktapir/git/sharesp241/danktapir/W03/fuse-tutorial-2018-02-04/example/rootdir", path = "/", fpath = "/home/danktapir/git/sharesp241/danktapir/W03/fuse-tutorial-2018-02-04/example/rootdir/"
    lgetxattr returned -1
    ERROR lgetxattr: No data available

bb_destroy(userdata=0x9c0c72a0)
