
bb_init()
    conn:
    proto_major = 7
    proto_minor = 37
    async_read = 1
    max_write = 131072
    max_readahead = 131072
    capable = 00000ffb
    want = 00000010
    max_background = 0
    congestion_threshold = 0
    context:
    fuse = d73d0800
    uid = 0
    gid = 0
    pid = 0
    private_data = d73d02a0
    logfile = d73d0320
    rootdir = /home/syifaafra/sharesp241/syifaafra/W03/fuse-tutorial-2018-02-04/example/rootdir
    umask = 00000

bb_getattr(path="/", statbuf=0xb57ec678)
    bb_fullpath:  rootdir = "/home/syifaafra/sharesp241/syifaafra/W03/fuse-tutorial-2018-02-04/example/rootdir", path = "/", fpath = "/home/syifaafra/sharesp241/syifaafra/W03/fuse-tutorial-2018-02-04/example/rootdir/"
    lstat returned 0
    si:
    st_dev = 65026
    st_ino = 662479
    st_mode = 040755
    st_nlink = 2
    st_uid = 1000
    st_gid = 1000
    st_rdev = 0
    st_size = 4096
    st_blksize = 4096
    st_blocks = 8
    st_atime = 0x65e03daf
    st_mtime = 0x65e03daf
    st_ctime = 0x65e03daf

bb_access(path="/", mask=01)
    bb_fullpath:  rootdir = "/home/syifaafra/sharesp241/syifaafra/W03/fuse-tutorial-2018-02-04/example/rootdir", path = "/", fpath = "/home/syifaafra/sharesp241/syifaafra/W03/fuse-tutorial-2018-02-04/example/rootdir/"

bb_opendir(path="/", fi=0xb57ec690)
    bb_fullpath:  rootdir = "/home/syifaafra/sharesp241/syifaafra/W03/fuse-tutorial-2018-02-04/example/rootdir", path = "/", fpath = "/home/syifaafra/sharesp241/syifaafra/W03/fuse-tutorial-2018-02-04/example/rootdir/"
    opendir returned 0x0xffffb0002060
    fi:
    flags = 0x00024800
    fh_old = 0x00000000
    writepage = 0
    direct_io = 0
    keep_cache = 0
    fh = 0x0000ffffb0002060
    lock_owner = 0x0000000000000000

bb_getattr(path="/", statbuf=0xb4fba678)
    bb_fullpath:  rootdir = "/home/syifaafra/sharesp241/syifaafra/W03/fuse-tutorial-2018-02-04/example/rootdir", path = "/", fpath = "/home/syifaafra/sharesp241/syifaafra/W03/fuse-tutorial-2018-02-04/example/rootdir/"
    lstat returned 0
    si:
    st_dev = 65026
    st_ino = 662479
    st_mode = 040755
    st_nlink = 2
    st_uid = 1000
    st_gid = 1000
    st_rdev = 0
    st_size = 4096
    st_blksize = 4096
    st_blocks = 8
    st_atime = 0x65e03daf
    st_mtime = 0x65e03daf
    st_ctime = 0x65e03daf

bb_readdir(path="/", buf=0xb0001fe0, filler=0xb59ca1d0, offset=0, fi=0xb57ec690)
    readdir returned 0x0xffffb0002090
calling filler with name .
calling filler with name ..
calling filler with name bogus.txt
    fi:
    flags = 0x00000000
    fh_old = 0xffffb0002060
    writepage = 0
    direct_io = 0
    keep_cache = 0
    fh = 0x0000ffffb0002060
    lock_owner = 0x0000000000000000

bb_releasedir(path="/", fi=0xb57ec690)
    fi:
    flags = 0x00000000
    fh_old = 0xffffb0002060
    writepage = 0
    direct_io = 0
    keep_cache = 0
    fh = 0x0000ffffb0002060
    lock_owner = 0x0000000000000000

bb_getattr(path="/syifaafra.txt", statbuf=0xb4fba6a8)
    bb_fullpath:  rootdir = "/home/syifaafra/sharesp241/syifaafra/W03/fuse-tutorial-2018-02-04/example/rootdir", path = "/syifaafra.txt", fpath = "/home/syifaafra/sharesp241/syifaafra/W03/fuse-tutorial-2018-02-04/example/rootdir/syifaafra.txt"
    lstat returned -1
    ERROR lstat: No such file or directory
    si:
    st_dev = 0
    st_ino = 0
    st_mode = 00
    st_nlink = 0
    st_uid = 0
    st_gid = 0
    st_rdev = 0
    st_size = 0
    st_blksize = 0
    st_blocks = 0
    st_atime = 0x00000000
    st_mtime = 0x00000000
    st_ctime = 0x00000000

bb_mknod(path="/syifaafra.txt", mode=0100644, dev=0)
    bb_fullpath:  rootdir = "/home/syifaafra/sharesp241/syifaafra/W03/fuse-tutorial-2018-02-04/example/rootdir", path = "/syifaafra.txt", fpath = "/home/syifaafra/sharesp241/syifaafra/W03/fuse-tutorial-2018-02-04/example/rootdir/syifaafra.txt"
    open returned 5
    close returned 0

bb_getattr(path="/syifaafra.txt", statbuf=0xb4fba6a8)
    bb_fullpath:  rootdir = "/home/syifaafra/sharesp241/syifaafra/W03/fuse-tutorial-2018-02-04/example/rootdir", path = "/syifaafra.txt", fpath = "/home/syifaafra/sharesp241/syifaafra/W03/fuse-tutorial-2018-02-04/example/rootdir/syifaafra.txt"
    lstat returned 0
    si:
    st_dev = 65026
    st_ino = 656219
    st_mode = 0100644
    st_nlink = 1
    st_uid = 1000
    st_gid = 1000
    st_rdev = 0
    st_size = 0
    st_blksize = 4096
    st_blocks = 0
    st_atime = 0x65e03f6c
    st_mtime = 0x65e03f6c
    st_ctime = 0x65e03f6c

bb_open(path"/syifaafra.txt", fi=0xb57ec710)
    bb_fullpath:  rootdir = "/home/syifaafra/sharesp241/syifaafra/W03/fuse-tutorial-2018-02-04/example/rootdir", path = "/syifaafra.txt", fpath = "/home/syifaafra/sharesp241/syifaafra/W03/fuse-tutorial-2018-02-04/example/rootdir/syifaafra.txt"
    open returned 5
    fi:
    flags = 0x00020801
    fh_old = 0x00000000
    writepage = 0
    direct_io = 0
    keep_cache = 0
    fh = 0x0000000000000005
    lock_owner = 0x0000000000000000

bb_flush(path="/syifaafra.txt", fi=0xb4fba710)
    fi:
    flags = 0x00000000
    fh_old = 0x00000005
    writepage = 0
    direct_io = 0
    keep_cache = 0
    fh = 0x0000000000000005
    lock_owner = 0xa77ce43d7895f5f6

bb_utime(path="/syifaafra.txt", ubuf=0xb57ec518)
    bb_fullpath:  rootdir = "/home/syifaafra/sharesp241/syifaafra/W03/fuse-tutorial-2018-02-04/example/rootdir", path = "/syifaafra.txt", fpath = "/home/syifaafra/sharesp241/syifaafra/W03/fuse-tutorial-2018-02-04/example/rootdir/syifaafra.txt"
    utime returned 0

bb_getattr(path="/syifaafra.txt", statbuf=0xb57ec5f8)
    bb_fullpath:  rootdir = "/home/syifaafra/sharesp241/syifaafra/W03/fuse-tutorial-2018-02-04/example/rootdir", path = "/syifaafra.txt", fpath = "/home/syifaafra/sharesp241/syifaafra/W03/fuse-tutorial-2018-02-04/example/rootdir/syifaafra.txt"
    lstat returned 0
    si:
    st_dev = 65026
    st_ino = 656219
    st_mode = 0100644
    st_nlink = 1
    st_uid = 1000
    st_gid = 1000
    st_rdev = 0
    st_size = 0
    st_blksize = 4096
    st_blocks = 0
    st_atime = 0x65e03f6c
    st_mtime = 0x65e03f6c
    st_ctime = 0x65e03f6c

bb_flush(path="/syifaafra.txt", fi=0xb4fba710)
    fi:
    flags = 0x00000000
    fh_old = 0x00000005
    writepage = 0
    direct_io = 0
    keep_cache = 0
    fh = 0x0000000000000005
    lock_owner = 0xa77ce43d7895f5f6

bb_release(path="/syifaafra.txt", fi=0xb57ec710)
    fi:
    flags = 0x00020801
    fh_old = 0x00000005
    writepage = 0
    direct_io = 0
    keep_cache = 0
    fh = 0x0000000000000005
    lock_owner = 0x0000000000000000
    close returned 0

bb_opendir(path="/", fi=0xb4fba690)
    bb_fullpath:  rootdir = "/home/syifaafra/sharesp241/syifaafra/W03/fuse-tutorial-2018-02-04/example/rootdir", path = "/", fpath = "/home/syifaafra/sharesp241/syifaafra/W03/fuse-tutorial-2018-02-04/example/rootdir/"
    opendir returned 0x0xffffa80011c0
    fi:
    flags = 0x00024800
    fh_old = 0x00000000
    writepage = 0
    direct_io = 0
    keep_cache = 0
    fh = 0x0000ffffa80011c0
    lock_owner = 0x0000000000000000

bb_getattr(path="/", statbuf=0xb57ec678)
    bb_fullpath:  rootdir = "/home/syifaafra/sharesp241/syifaafra/W03/fuse-tutorial-2018-02-04/example/rootdir", path = "/", fpath = "/home/syifaafra/sharesp241/syifaafra/W03/fuse-tutorial-2018-02-04/example/rootdir/"
    lstat returned 0
    si:
    st_dev = 65026
    st_ino = 662479
    st_mode = 040755
    st_nlink = 2
    st_uid = 1000
    st_gid = 1000
    st_rdev = 0
    st_size = 4096
    st_blksize = 4096
    st_blocks = 8
    st_atime = 0x65e03f61
    st_mtime = 0x65e03f6c
    st_ctime = 0x65e03f6c

bb_readdir(path="/", buf=0xa8001140, filler=0xb59ca1d0, offset=0, fi=0xb4fba690)
    readdir returned 0x0xffffa80011f0
calling filler with name .
calling filler with name ..
calling filler with name syifaafra.txt
calling filler with name bogus.txt
    fi:
    flags = 0x00000000
    fh_old = 0xffffa80011c0
    writepage = 0
    direct_io = 0
    keep_cache = 0
    fh = 0x0000ffffa80011c0
    lock_owner = 0x0000000000000000

bb_releasedir(path="/", fi=0xb4fba690)
    fi:
    flags = 0x00000000
    fh_old = 0xffffa80011c0
    writepage = 0
    direct_io = 0
    keep_cache = 0
    fh = 0x0000ffffa80011c0
    lock_owner = 0x0000000000000000

bb_getattr(path="/", statbuf=0xb57ec678)
    bb_fullpath:  rootdir = "/home/syifaafra/sharesp241/syifaafra/W03/fuse-tutorial-2018-02-04/example/rootdir", path = "/", fpath = "/home/syifaafra/sharesp241/syifaafra/W03/fuse-tutorial-2018-02-04/example/rootdir/"
    lstat returned 0
    si:
    st_dev = 65026
    st_ino = 662479
    st_mode = 040755
    st_nlink = 2
    st_uid = 1000
    st_gid = 1000
    st_rdev = 0
    st_size = 4096
    st_blksize = 4096
    st_blocks = 8
    st_atime = 0x65e03f6d
    st_mtime = 0x65e03f6c
    st_ctime = 0x65e03f6c

bb_getattr(path="/.git", statbuf=0xb4fba6a8)
    bb_fullpath:  rootdir = "/home/syifaafra/sharesp241/syifaafra/W03/fuse-tutorial-2018-02-04/example/rootdir", path = "/.git", fpath = "/home/syifaafra/sharesp241/syifaafra/W03/fuse-tutorial-2018-02-04/example/rootdir/.git"
    lstat returned -1
    ERROR lstat: No such file or directory
    si:
    st_dev = 0
    st_ino = 0
    st_mode = 00
    st_nlink = 0
    st_uid = 0
    st_gid = 0
    st_rdev = 0
    st_size = 0
    st_blksize = 0
    st_blocks = 0
    st_atime = 0x00000000
    st_mtime = 0x00000000
    st_ctime = 0x00000000

bb_getattr(path="/.git", statbuf=0xb57ec6a8)
    bb_fullpath:  rootdir = "/home/syifaafra/sharesp241/syifaafra/W03/fuse-tutorial-2018-02-04/example/rootdir", path = "/.git", fpath = "/home/syifaafra/sharesp241/syifaafra/W03/fuse-tutorial-2018-02-04/example/rootdir/.git"
    lstat returned -1
    ERROR lstat: No such file or directory
    si:
    st_dev = 0
    st_ino = 0
    st_mode = 00
    st_nlink = 0
    st_uid = 0
    st_gid = 0
    st_rdev = 0
    st_size = 0
    st_blksize = 0
    st_blocks = 0
    st_atime = 0x00000000
    st_mtime = 0x00000000
    st_ctime = 0x00000000

bb_opendir(path="/", fi=0xb4fba690)
    bb_fullpath:  rootdir = "/home/syifaafra/sharesp241/syifaafra/W03/fuse-tutorial-2018-02-04/example/rootdir", path = "/", fpath = "/home/syifaafra/sharesp241/syifaafra/W03/fuse-tutorial-2018-02-04/example/rootdir/"
    opendir returned 0x0xffffa8009610
    fi:
    flags = 0x00024800
    fh_old = 0x00000000
    writepage = 0
    direct_io = 0
    keep_cache = 0
    fh = 0x0000ffffa8009610
    lock_owner = 0x0000000000000000

bb_getattr(path="/", statbuf=0xb57ec678)
    bb_fullpath:  rootdir = "/home/syifaafra/sharesp241/syifaafra/W03/fuse-tutorial-2018-02-04/example/rootdir", path = "/", fpath = "/home/syifaafra/sharesp241/syifaafra/W03/fuse-tutorial-2018-02-04/example/rootdir/"
    lstat returned 0
    si:
    st_dev = 65026
    st_ino = 662479
    st_mode = 040755
    st_nlink = 2
    st_uid = 1000
    st_gid = 1000
    st_rdev = 0
    st_size = 4096
    st_blksize = 4096
    st_blocks = 8
    st_atime = 0x65e03f6d
    st_mtime = 0x65e03f6c
    st_ctime = 0x65e03f6c

bb_readdir(path="/", buf=0xa80011c0, filler=0xb59ca1d0, offset=0, fi=0xb4fba690)
    readdir returned 0x0xffffa8009640
calling filler with name .
calling filler with name ..
calling filler with name syifaafra.txt
calling filler with name bogus.txt
    fi:
    flags = 0x00000000
    fh_old = 0xffffa8009610
    writepage = 0
    direct_io = 0
    keep_cache = 0
    fh = 0x0000ffffa8009610
    lock_owner = 0x0000000000000000

bb_getattr(path="/syifaafra.txt", statbuf=0xb57ec6a8)
    bb_fullpath:  rootdir = "/home/syifaafra/sharesp241/syifaafra/W03/fuse-tutorial-2018-02-04/example/rootdir", path = "/syifaafra.txt", fpath = "/home/syifaafra/sharesp241/syifaafra/W03/fuse-tutorial-2018-02-04/example/rootdir/syifaafra.txt"
    lstat returned 0
    si:
    st_dev = 65026
    st_ino = 656219
    st_mode = 0100644
    st_nlink = 1
    st_uid = 1000
    st_gid = 1000
    st_rdev = 0
    st_size = 0
    st_blksize = 4096
    st_blocks = 0
    st_atime = 0x65e03f6c
    st_mtime = 0x65e03f6c
    st_ctime = 0x65e03f6c

bb_getattr(path="/.gitignore", statbuf=0xb4fba6a8)
    bb_fullpath:  rootdir = "/home/syifaafra/sharesp241/syifaafra/W03/fuse-tutorial-2018-02-04/example/rootdir", path = "/.gitignore", fpath = "/home/syifaafra/sharesp241/syifaafra/W03/fuse-tutorial-2018-02-04/example/rootdir/.gitignore"
    lstat returned -1
    ERROR lstat: No such file or directory
    si:
    st_dev = 0
    st_ino = 0
    st_mode = 00
    st_nlink = 0
    st_uid = 0
    st_gid = 0
    st_rdev = 0
    st_size = 0
    st_blksize = 0
    st_blocks = 0
    st_atime = 0x00000000
    st_mtime = 0x00000000
    st_ctime = 0x00000000

bb_getattr(path="/bogus.txt", statbuf=0xb57ec6a8)
    bb_fullpath:  rootdir = "/home/syifaafra/sharesp241/syifaafra/W03/fuse-tutorial-2018-02-04/example/rootdir", path = "/bogus.txt", fpath = "/home/syifaafra/sharesp241/syifaafra/W03/fuse-tutorial-2018-02-04/example/rootdir/bogus.txt"
    lstat returned 0
    si:
    st_dev = 65026
    st_ino = 655766
    st_mode = 0100644
    st_nlink = 1
    st_uid = 1000
    st_gid = 1000
    st_rdev = 0
    st_size = 11
    st_blksize = 4096
    st_blocks = 8
    st_atime = 0x65e03daf
    st_mtime = 0x65e03daf
    st_ctime = 0x65e03daf

bb_releasedir(path="/", fi=0xb57ec690)
    fi:
    flags = 0x00000000
    fh_old = 0xffffa8009610
    writepage = 0
    direct_io = 0
    keep_cache = 0
    fh = 0x0000ffffa8009610
    lock_owner = 0x0000000000000000

bb_open(path"/bogus.txt", fi=0xb4fba710)
    bb_fullpath:  rootdir = "/home/syifaafra/sharesp241/syifaafra/W03/fuse-tutorial-2018-02-04/example/rootdir", path = "/bogus.txt", fpath = "/home/syifaafra/sharesp241/syifaafra/W03/fuse-tutorial-2018-02-04/example/rootdir/bogus.txt"
    open returned 5
    fi:
    flags = 0x00020000
    fh_old = 0x00000000
    writepage = 0
    direct_io = 0
    keep_cache = 0
    fh = 0x0000000000000005
    lock_owner = 0x0000000000000000

bb_getattr(path="/.gitattributes", statbuf=0xb57ec6a8)
    bb_fullpath:  rootdir = "/home/syifaafra/sharesp241/syifaafra/W03/fuse-tutorial-2018-02-04/example/rootdir", path = "/.gitattributes", fpath = "/home/syifaafra/sharesp241/syifaafra/W03/fuse-tutorial-2018-02-04/example/rootdir/.gitattributes"
    lstat returned -1
    ERROR lstat: No such file or directory
    si:
    st_dev = 0
    st_ino = 0
    st_mode = 00
    st_nlink = 0
    st_uid = 0
    st_gid = 0
    st_rdev = 0
    st_size = 0
    st_blksize = 0
    st_blocks = 0
    st_atime = 0x00000000
    st_mtime = 0x00000000
    st_ctime = 0x00000000

bb_read(path="/bogus.txt", buf=0xa8001290, size=4096, offset=0, fi=0xb4fba710)
    fi:
    flags = 0x00020000
    fh_old = 0x00000005
    writepage = 0
    direct_io = 0
    keep_cache = 0
    fh = 0x0000000000000005
    lock_owner = 0x0000000000000000
    pread returned 11

bb_flush(path="/bogus.txt", fi=0xb57ec710)
    fi:
    flags = 0x00000000
    fh_old = 0x00000005
    writepage = 0
    direct_io = 0
    keep_cache = 0
    fh = 0x0000000000000005
    lock_owner = 0xa61b1d9dd924fa25

bb_release(path="/bogus.txt", fi=0xb4fba710)
    fi:
    flags = 0x00020000
    fh_old = 0x00000005
    writepage = 0
    direct_io = 0
    keep_cache = 0
    fh = 0x0000000000000005
    lock_owner = 0x0000000000000000
    close returned 0

bb_open(path"/syifaafra.txt", fi=0xb57ec710)
    bb_fullpath:  rootdir = "/home/syifaafra/sharesp241/syifaafra/W03/fuse-tutorial-2018-02-04/example/rootdir", path = "/syifaafra.txt", fpath = "/home/syifaafra/sharesp241/syifaafra/W03/fuse-tutorial-2018-02-04/example/rootdir/syifaafra.txt"
    open returned 5
    fi:
    flags = 0x00020000
    fh_old = 0x00000000
    writepage = 0
    direct_io = 0
    keep_cache = 0
    fh = 0x0000000000000005
    lock_owner = 0x0000000000000000

bb_flush(path="/syifaafra.txt", fi=0xb57ec710)
    fi:
    flags = 0x00000000
    fh_old = 0x00000005
    writepage = 0
    direct_io = 0
    keep_cache = 0
    fh = 0x0000000000000005
    lock_owner = 0xa61b1d9dd924fa25

bb_release(path="/syifaafra.txt", fi=0xb4fba710)
    fi:
    flags = 0x00020000
    fh_old = 0x00000005
    writepage = 0
    direct_io = 0
    keep_cache = 0
    fh = 0x0000000000000005
    lock_owner = 0x0000000000000000
    close returned 0
