06 Mar 2024 15:12:12.346 
bb_init()
06 Mar 2024 15:12:12.346     conn:
06 Mar 2024 15:12:12.346     proto_major = 7
06 Mar 2024 15:12:12.346     proto_minor = 39
06 Mar 2024 15:12:12.346     async_read = 1
06 Mar 2024 15:12:12.346     max_write = 131072
06 Mar 2024 15:12:12.346     max_readahead = 131072
06 Mar 2024 15:12:12.346     capable = 00000ffb
06 Mar 2024 15:12:12.346     want = 00000010
06 Mar 2024 15:12:12.346     max_background = 0
06 Mar 2024 15:12:12.346     congestion_threshold = 0
06 Mar 2024 15:12:12.346     context:
06 Mar 2024 15:12:12.346     fuse = a30d3810
06 Mar 2024 15:12:12.346     uid = 0
06 Mar 2024 15:12:12.346     gid = 0
06 Mar 2024 15:12:12.346     pid = 0
06 Mar 2024 15:12:12.346     private_data = a30d32a0
06 Mar 2024 15:12:12.346     logfile = a30d3320
06 Mar 2024 15:12:12.346     rootdir = /home/virdianhrn/git/sharesp241/virdianhrn/W03/fuse-tutorial-2018-02-04/example/rootdir
06 Mar 2024 15:12:12.346     umask = 00000
06 Mar 2024 15:12:17.451 
bb_getattr(path="/", statbuf=0xbfc4bbf0)
06 Mar 2024 15:12:17.451     bb_fullpath:  rootdir = "/home/virdianhrn/git/sharesp241/virdianhrn/W03/fuse-tutorial-2018-02-04/example/rootdir", path = "/", fpath = "/home/virdianhrn/git/sharesp241/virdianhrn/W03/fuse-tutorial-2018-02-04/example/rootdir/"
06 Mar 2024 15:12:17.451     lstat returned 0
06 Mar 2024 15:12:17.451     si:
06 Mar 2024 15:12:17.451     st_dev = 2049
06 Mar 2024 15:12:17.451     st_ino = 395412
06 Mar 2024 15:12:17.451     st_mode = 040755
06 Mar 2024 15:12:17.451     st_nlink = 2
06 Mar 2024 15:12:17.451     st_uid = 1000
06 Mar 2024 15:12:17.451     st_gid = 1000
06 Mar 2024 15:12:17.451     st_rdev = 0
06 Mar 2024 15:12:17.451     st_size = 4096
06 Mar 2024 15:12:17.451     st_blksize = 4096
06 Mar 2024 15:12:17.451     st_blocks = 8
06 Mar 2024 15:12:17.451     st_atime = 0x65e8243e
06 Mar 2024 15:12:17.451     st_mtime = 0x65e0264a
06 Mar 2024 15:12:17.451     st_ctime = 0x65e0264a
06 Mar 2024 15:12:17.451 
bb_getxattr(path = "/", name = "security.selinux", value = 0xb0000c40, size = 255)
06 Mar 2024 15:12:17.451     bb_fullpath:  rootdir = "/home/virdianhrn/git/sharesp241/virdianhrn/W03/fuse-tutorial-2018-02-04/example/rootdir", path = "/", fpath = "/home/virdianhrn/git/sharesp241/virdianhrn/W03/fuse-tutorial-2018-02-04/example/rootdir/"
06 Mar 2024 15:12:17.451     lgetxattr returned -1
06 Mar 2024 15:12:17.451     ERROR lgetxattr: No data available
06 Mar 2024 15:12:17.451 
bb_getxattr(path = "/", name = "system.posix_acl_access", value = 0xb8003070, size = 4096)
06 Mar 2024 15:12:17.451     bb_fullpath:  rootdir = "/home/virdianhrn/git/sharesp241/virdianhrn/W03/fuse-tutorial-2018-02-04/example/rootdir", path = "/", fpath = "/home/virdianhrn/git/sharesp241/virdianhrn/W03/fuse-tutorial-2018-02-04/example/rootdir/"
06 Mar 2024 15:12:17.451     lgetxattr returned -1
06 Mar 2024 15:12:17.451     ERROR lgetxattr: No data available
06 Mar 2024 15:12:17.452 
bb_getxattr(path = "/", name = "system.posix_acl_default", value = 0xb0000ef0, size = 4096)
06 Mar 2024 15:12:17.452     bb_fullpath:  rootdir = "/home/virdianhrn/git/sharesp241/virdianhrn/W03/fuse-tutorial-2018-02-04/example/rootdir", path = "/", fpath = "/home/virdianhrn/git/sharesp241/virdianhrn/W03/fuse-tutorial-2018-02-04/example/rootdir/"
06 Mar 2024 15:12:17.452     lgetxattr returned -1
06 Mar 2024 15:12:17.452     ERROR lgetxattr: No data available
06 Mar 2024 15:12:17.452 
bb_opendir(path="/", fi=0xbfc4bc10)
06 Mar 2024 15:12:17.452     bb_fullpath:  rootdir = "/home/virdianhrn/git/sharesp241/virdianhrn/W03/fuse-tutorial-2018-02-04/example/rootdir", path = "/", fpath = "/home/virdianhrn/git/sharesp241/virdianhrn/W03/fuse-tutorial-2018-02-04/example/rootdir/"
06 Mar 2024 15:12:17.452     opendir returned 0x0x7f1db8003070
06 Mar 2024 15:12:17.452     fi:
06 Mar 2024 15:12:17.452     flags = 0x00018800
06 Mar 2024 15:12:17.452     fh_old = 0x00000000
06 Mar 2024 15:12:17.452     writepage = 0
06 Mar 2024 15:12:17.452     direct_io = 0
06 Mar 2024 15:12:17.452     keep_cache = 0
06 Mar 2024 15:12:17.452     fh = 0x00007f1db8003070
06 Mar 2024 15:12:17.453     lock_owner = 0x0000000000000000
06 Mar 2024 15:12:17.453 
bb_readdir(path="/", buf=0xb8001340, filler=0xbfe5da90, offset=0, fi=0xbf428c10)
06 Mar 2024 15:12:17.453     readdir returned 0x0x7f1db80030a0
06 Mar 2024 15:12:17.453 calling filler with name virdianhrn.txt
06 Mar 2024 15:12:17.453 calling filler with name .
06 Mar 2024 15:12:17.453 calling filler with name bogus.txt
06 Mar 2024 15:12:17.453 calling filler with name ..
06 Mar 2024 15:12:17.453     fi:
06 Mar 2024 15:12:17.453     flags = 0x00000000
06 Mar 2024 15:12:17.453     fh_old = 0x7f1db8003070
06 Mar 2024 15:12:17.453     writepage = 0
06 Mar 2024 15:12:17.453     direct_io = 0
06 Mar 2024 15:12:17.453     keep_cache = 0
06 Mar 2024 15:12:17.453     fh = 0x00007f1db8003070
06 Mar 2024 15:12:17.453     lock_owner = 0x0000000000000000
06 Mar 2024 15:12:17.453 
bb_getattr(path="/virdianhrn.txt", statbuf=0xbfc4bc20)
06 Mar 2024 15:12:17.453     bb_fullpath:  rootdir = "/home/virdianhrn/git/sharesp241/virdianhrn/W03/fuse-tutorial-2018-02-04/example/rootdir", path = "/virdianhrn.txt", fpath = "/home/virdianhrn/git/sharesp241/virdianhrn/W03/fuse-tutorial-2018-02-04/example/rootdir/virdianhrn.txt"
06 Mar 2024 15:12:17.453     lstat returned 0
06 Mar 2024 15:12:17.453     si:
06 Mar 2024 15:12:17.453     st_dev = 2049
06 Mar 2024 15:12:17.453     st_ino = 395552
06 Mar 2024 15:12:17.453     st_mode = 0100644
06 Mar 2024 15:12:17.453     st_nlink = 1
06 Mar 2024 15:12:17.453     st_uid = 1000
06 Mar 2024 15:12:17.453     st_gid = 1000
06 Mar 2024 15:12:17.453     st_rdev = 0
06 Mar 2024 15:12:17.453     st_size = 0
06 Mar 2024 15:12:17.453     st_blksize = 4096
06 Mar 2024 15:12:17.453     st_blocks = 0
06 Mar 2024 15:12:17.453     st_atime = 0x65e0264a
06 Mar 2024 15:12:17.453     st_mtime = 0x65e0264a
06 Mar 2024 15:12:17.453     st_ctime = 0x65e0264a
06 Mar 2024 15:12:17.453 
bb_getxattr(path = "/virdianhrn.txt", name = "security.selinux", value = 0xb0000c40, size = 255)
06 Mar 2024 15:12:17.454     bb_fullpath:  rootdir = "/home/virdianhrn/git/sharesp241/virdianhrn/W03/fuse-tutorial-2018-02-04/example/rootdir", path = "/virdianhrn.txt", fpath = "/home/virdianhrn/git/sharesp241/virdianhrn/W03/fuse-tutorial-2018-02-04/example/rootdir/virdianhrn.txt"
06 Mar 2024 15:12:17.454     lgetxattr returned -1
06 Mar 2024 15:12:17.454     ERROR lgetxattr: No data available
06 Mar 2024 15:12:17.454 
bb_getxattr(path = "/virdianhrn.txt", name = "system.posix_acl_access", value = 0xb800b0b0, size = 4096)
06 Mar 2024 15:12:17.454     bb_fullpath:  rootdir = "/home/virdianhrn/git/sharesp241/virdianhrn/W03/fuse-tutorial-2018-02-04/example/rootdir", path = "/virdianhrn.txt", fpath = "/home/virdianhrn/git/sharesp241/virdianhrn/W03/fuse-tutorial-2018-02-04/example/rootdir/virdianhrn.txt"
06 Mar 2024 15:12:17.454     lgetxattr returned -1
06 Mar 2024 15:12:17.454     ERROR lgetxattr: No data available
06 Mar 2024 15:12:17.454 
bb_getattr(path="/bogus.txt", statbuf=0xbf428c20)
06 Mar 2024 15:12:17.454     bb_fullpath:  rootdir = "/home/virdianhrn/git/sharesp241/virdianhrn/W03/fuse-tutorial-2018-02-04/example/rootdir", path = "/bogus.txt", fpath = "/home/virdianhrn/git/sharesp241/virdianhrn/W03/fuse-tutorial-2018-02-04/example/rootdir/bogus.txt"
06 Mar 2024 15:12:17.454     lstat returned 0
06 Mar 2024 15:12:17.454     si:
06 Mar 2024 15:12:17.454     st_dev = 2049
06 Mar 2024 15:12:17.454     st_ino = 395413
06 Mar 2024 15:12:17.454     st_mode = 0100644
06 Mar 2024 15:12:17.454     st_nlink = 1
06 Mar 2024 15:12:17.454     st_uid = 1000
06 Mar 2024 15:12:17.454     st_gid = 1000
06 Mar 2024 15:12:17.454     st_rdev = 0
06 Mar 2024 15:12:17.454     st_size = 11
06 Mar 2024 15:12:17.454     st_blksize = 4096
06 Mar 2024 15:12:17.454     st_blocks = 8
06 Mar 2024 15:12:17.454     st_atime = 0x65e03a38
06 Mar 2024 15:12:17.454     st_mtime = 0x65e82551
06 Mar 2024 15:12:17.454     st_ctime = 0x65e82551
06 Mar 2024 15:12:17.454 
bb_getxattr(path = "/bogus.txt", name = "security.selinux", value = 0xb8001110, size = 255)
06 Mar 2024 15:12:17.454     bb_fullpath:  rootdir = "/home/virdianhrn/git/sharesp241/virdianhrn/W03/fuse-tutorial-2018-02-04/example/rootdir", path = "/bogus.txt", fpath = "/home/virdianhrn/git/sharesp241/virdianhrn/W03/fuse-tutorial-2018-02-04/example/rootdir/bogus.txt"
06 Mar 2024 15:12:17.454     lgetxattr returned -1
06 Mar 2024 15:12:17.454     ERROR lgetxattr: No data available
06 Mar 2024 15:12:17.454 
bb_getxattr(path = "/bogus.txt", name = "system.posix_acl_access", value = 0xb0001540, size = 4096)
06 Mar 2024 15:12:17.454     bb_fullpath:  rootdir = "/home/virdianhrn/git/sharesp241/virdianhrn/W03/fuse-tutorial-2018-02-04/example/rootdir", path = "/bogus.txt", fpath = "/home/virdianhrn/git/sharesp241/virdianhrn/W03/fuse-tutorial-2018-02-04/example/rootdir/bogus.txt"
06 Mar 2024 15:12:17.454     lgetxattr returned -1
06 Mar 2024 15:12:17.454     ERROR lgetxattr: No data available
06 Mar 2024 15:12:17.455 
bb_releasedir(path="/", fi=0xbf428c10)
06 Mar 2024 15:12:17.455     fi:
06 Mar 2024 15:12:17.455     flags = 0x00000000
06 Mar 2024 15:12:17.455     fh_old = 0x7f1db8003070
06 Mar 2024 15:12:17.455     writepage = 0
06 Mar 2024 15:12:17.455     direct_io = 0
06 Mar 2024 15:12:17.455     keep_cache = 0
06 Mar 2024 15:12:17.455     fh = 0x00007f1db8003070
06 Mar 2024 15:12:17.455     lock_owner = 0x0000000000000000
06 Mar 2024 15:12:46.348 
bb_destroy(userdata=0xa30d32a0)
