
bb_init()
    conn:
    proto_major = 7
    proto_minor = 39
    async_read = 1
    max_write = 131072
    max_readahead = 131072
    capable = 00000ffb
    want = 00000010
    max_background = 0
    congestion_threshold = 0
    context:
    fuse = 4f2ee840
    uid = 0
    gid = 0
    pid = 0
    private_data = 4f2ee2a0
    logfile = 4f2ee330
    rootdir = /home/virdianhrn/git/sharesp241/virdianhrn/W03/helloworld-fuse/fuse-tutorial-2018-02-04/example/rootdir
    umask = 00000

bb_getattr(path="/", statbuf=0x99248bf0)
    bb_fullpath:  rootdir = "/home/virdianhrn/git/sharesp241/virdianhrn/W03/helloworld-fuse/fuse-tutorial-2018-02-04/example/rootdir", path = "/", fpath = "/home/virdianhrn/git/sharesp241/virdianhrn/W03/helloworld-fuse/fuse-tutorial-2018-02-04/example/rootdir/"
    lstat returned 0
    si:
    st_dev = 2049
    st_ino = 395412
    st_mode = 040755
    st_nlink = 2
    st_uid = 1000
    st_gid = 1000
    st_rdev = 0
    st_size = 4096
    st_blksize = 4096
    st_blocks = 8
    st_atime = 0x65e02544
    st_mtime = 0x65e024e8
    st_ctime = 0x65e024e8

bb_getxattr(path = "/", name = "security.selinux", value = 0x8c000c40, size = 255)
    bb_fullpath:  rootdir = "/home/virdianhrn/git/sharesp241/virdianhrn/W03/helloworld-fuse/fuse-tutorial-2018-02-04/example/rootdir", path = "/", fpath = "/home/virdianhrn/git/sharesp241/virdianhrn/W03/helloworld-fuse/fuse-tutorial-2018-02-04/example/rootdir/"
    lgetxattr returned -1
    ERROR lgetxattr: No data available

bb_getxattr(path = "/", name = "system.posix_acl_access", value = 0x94001fe0, size = 4096)
    bb_fullpath:  rootdir = "/home/virdianhrn/git/sharesp241/virdianhrn/W03/helloworld-fuse/fuse-tutorial-2018-02-04/example/rootdir", path = "/", fpath = "/home/virdianhrn/git/sharesp241/virdianhrn/W03/helloworld-fuse/fuse-tutorial-2018-02-04/example/rootdir/"
    lgetxattr returned -1
    ERROR lgetxattr: No data available

bb_getxattr(path = "/", name = "system.posix_acl_default", value = 0x8c000ef0, size = 4096)
    bb_fullpath:  rootdir = "/home/virdianhrn/git/sharesp241/virdianhrn/W03/helloworld-fuse/fuse-tutorial-2018-02-04/example/rootdir", path = "/", fpath = "/home/virdianhrn/git/sharesp241/virdianhrn/W03/helloworld-fuse/fuse-tutorial-2018-02-04/example/rootdir/"
    lgetxattr returned -1
    ERROR lgetxattr: No data available

bb_opendir(path="/", fi=0x99248c10)
    bb_fullpath:  rootdir = "/home/virdianhrn/git/sharesp241/virdianhrn/W03/helloworld-fuse/fuse-tutorial-2018-02-04/example/rootdir", path = "/", fpath = "/home/virdianhrn/git/sharesp241/virdianhrn/W03/helloworld-fuse/fuse-tutorial-2018-02-04/example/rootdir/"
    opendir returned 0x0x7f7f940020f0
    fi:
    flags = 0x00018800
    fh_old = 0x00000000
    writepage = 0
    direct_io = 0
    keep_cache = 0
    fh = 0x00007f7f940020f0
    lock_owner = 0x0000000000000000

bb_readdir(path="/", buf=0x94002070, filler=0x9945aa90, offset=0, fi=0x98a25c10)
    readdir returned 0x0x7f7f94002120
calling filler with name .
calling filler with name bogus.txt
calling filler with name ..
    fi:
    flags = 0x00000000
    fh_old = 0x7f7f940020f0
    writepage = 0
    direct_io = 0
    keep_cache = 0
    fh = 0x00007f7f940020f0
    lock_owner = 0x0000000000000000

bb_getattr(path="/bogus.txt", statbuf=0x99248c20)
    bb_fullpath:  rootdir = "/home/virdianhrn/git/sharesp241/virdianhrn/W03/helloworld-fuse/fuse-tutorial-2018-02-04/example/rootdir", path = "/bogus.txt", fpath = "/home/virdianhrn/git/sharesp241/virdianhrn/W03/helloworld-fuse/fuse-tutorial-2018-02-04/example/rootdir/bogus.txt"
    lstat returned 0
    si:
    st_dev = 2049
    st_ino = 395413
    st_mode = 0100644
    st_nlink = 1
    st_uid = 1000
    st_gid = 1000
    st_rdev = 0
    st_size = 11
    st_blksize = 4096
    st_blocks = 8
    st_atime = 0x65e02545
    st_mtime = 0x65e024e8
    st_ctime = 0x65e024e8

bb_getxattr(path = "/bogus.txt", name = "security.selinux", value = 0x8c000c40, size = 255)
    bb_fullpath:  rootdir = "/home/virdianhrn/git/sharesp241/virdianhrn/W03/helloworld-fuse/fuse-tutorial-2018-02-04/example/rootdir", path = "/bogus.txt", fpath = "/home/virdianhrn/git/sharesp241/virdianhrn/W03/helloworld-fuse/fuse-tutorial-2018-02-04/example/rootdir/bogus.txt"
    lgetxattr returned -1
    ERROR lgetxattr: No data available

bb_getxattr(path = "/bogus.txt", name = "system.posix_acl_access", value = 0x9400a250, size = 4096)
    bb_fullpath:  rootdir = "/home/virdianhrn/git/sharesp241/virdianhrn/W03/helloworld-fuse/fuse-tutorial-2018-02-04/example/rootdir", path = "/bogus.txt", fpath = "/home/virdianhrn/git/sharesp241/virdianhrn/W03/helloworld-fuse/fuse-tutorial-2018-02-04/example/rootdir/bogus.txt"
    lgetxattr returned -1
    ERROR lgetxattr: No data available

bb_releasedir(path="/", fi=0x99248c10)
    fi:
    flags = 0x00000000
    fh_old = 0x7f7f940020f0
    writepage = 0
    direct_io = 0
    keep_cache = 0
    fh = 0x00007f7f940020f0
    lock_owner = 0x0000000000000000

bb_getattr(path="/", statbuf=0x98a25bf0)
    bb_fullpath:  rootdir = "/home/virdianhrn/git/sharesp241/virdianhrn/W03/helloworld-fuse/fuse-tutorial-2018-02-04/example/rootdir", path = "/", fpath = "/home/virdianhrn/git/sharesp241/virdianhrn/W03/helloworld-fuse/fuse-tutorial-2018-02-04/example/rootdir/"
    lstat returned 0
    si:
    st_dev = 2049
    st_ino = 395412
    st_mode = 040755
    st_nlink = 2
    st_uid = 1000
    st_gid = 1000
    st_rdev = 0
    st_size = 4096
    st_blksize = 4096
    st_blocks = 8
    st_atime = 0x65e02544
    st_mtime = 0x65e024e8
    st_ctime = 0x65e024e8

bb_access(path="/", mask=01)
    bb_fullpath:  rootdir = "/home/virdianhrn/git/sharesp241/virdianhrn/W03/helloworld-fuse/fuse-tutorial-2018-02-04/example/rootdir", path = "/", fpath = "/home/virdianhrn/git/sharesp241/virdianhrn/W03/helloworld-fuse/fuse-tutorial-2018-02-04/example/rootdir/"

bb_opendir(path="/", fi=0x98a25c10)
    bb_fullpath:  rootdir = "/home/virdianhrn/git/sharesp241/virdianhrn/W03/helloworld-fuse/fuse-tutorial-2018-02-04/example/rootdir", path = "/", fpath = "/home/virdianhrn/git/sharesp241/virdianhrn/W03/helloworld-fuse/fuse-tutorial-2018-02-04/example/rootdir/"
    opendir returned 0x0x7f7f8c001650
    fi:
    flags = 0x00018800
    fh_old = 0x00000000
    writepage = 0
    direct_io = 0
    keep_cache = 0
    fh = 0x00007f7f8c001650
    lock_owner = 0x0000000000000000

bb_getattr(path="/", statbuf=0x99248bf0)
    bb_fullpath:  rootdir = "/home/virdianhrn/git/sharesp241/virdianhrn/W03/helloworld-fuse/fuse-tutorial-2018-02-04/example/rootdir", path = "/", fpath = "/home/virdianhrn/git/sharesp241/virdianhrn/W03/helloworld-fuse/fuse-tutorial-2018-02-04/example/rootdir/"
    lstat returned 0
    si:
    st_dev = 2049
    st_ino = 395412
    st_mode = 040755
    st_nlink = 2
    st_uid = 1000
    st_gid = 1000
    st_rdev = 0
    st_size = 4096
    st_blksize = 4096
    st_blocks = 8
    st_atime = 0x65e02544
    st_mtime = 0x65e024e8
    st_ctime = 0x65e024e8

bb_readdir(path="/", buf=0x8c0015d0, filler=0x9945aa90, offset=0, fi=0x98a25c10)
    readdir returned 0x0x7f7f8c001680
calling filler with name .
calling filler with name bogus.txt
calling filler with name ..
    fi:
    flags = 0x00000000
    fh_old = 0x7f7f8c001650
    writepage = 0
    direct_io = 0
    keep_cache = 0
    fh = 0x00007f7f8c001650
    lock_owner = 0x0000000000000000

bb_getattr(path="/bogus.txt", statbuf=0x99248c20)
    bb_fullpath:  rootdir = "/home/virdianhrn/git/sharesp241/virdianhrn/W03/helloworld-fuse/fuse-tutorial-2018-02-04/example/rootdir", path = "/bogus.txt", fpath = "/home/virdianhrn/git/sharesp241/virdianhrn/W03/helloworld-fuse/fuse-tutorial-2018-02-04/example/rootdir/bogus.txt"
    lstat returned 0
    si:
    st_dev = 2049
    st_ino = 395413
    st_mode = 0100644
    st_nlink = 1
    st_uid = 1000
    st_gid = 1000
    st_rdev = 0
    st_size = 11
    st_blksize = 4096
    st_blocks = 8
    st_atime = 0x65e02545
    st_mtime = 0x65e024e8
    st_ctime = 0x65e024e8

bb_releasedir(path="/", fi=0x99248c10)
    fi:
    flags = 0x00000000
    fh_old = 0x7f7f8c001650
    writepage = 0
    direct_io = 0
    keep_cache = 0
    fh = 0x00007f7f8c001650
    lock_owner = 0x0000000000000000

bb_getattr(path="/virdianhrn.txt", statbuf=0x98a25c20)
    bb_fullpath:  rootdir = "/home/virdianhrn/git/sharesp241/virdianhrn/W03/helloworld-fuse/fuse-tutorial-2018-02-04/example/rootdir", path = "/virdianhrn.txt", fpath = "/home/virdianhrn/git/sharesp241/virdianhrn/W03/helloworld-fuse/fuse-tutorial-2018-02-04/example/rootdir/virdianhrn.txt"
    lstat returned -1
    ERROR lstat: No such file or directory
    si:
    st_dev = 0
    st_ino = 0
    st_mode = 00
    st_nlink = 0
    st_uid = 0
    st_gid = 0
    st_rdev = 0
    st_size = 0
    st_blksize = 0
    st_blocks = 0
    st_atime = 0x00000000
    st_mtime = 0x00000000
    st_ctime = 0x00000000

bb_mknod(path="/virdianhrn.txt", mode=0100644, dev=0)
    bb_fullpath:  rootdir = "/home/virdianhrn/git/sharesp241/virdianhrn/W03/helloworld-fuse/fuse-tutorial-2018-02-04/example/rootdir", path = "/virdianhrn.txt", fpath = "/home/virdianhrn/git/sharesp241/virdianhrn/W03/helloworld-fuse/fuse-tutorial-2018-02-04/example/rootdir/virdianhrn.txt"
    open returned 5
    close returned 0

bb_getattr(path="/virdianhrn.txt", statbuf=0x98a25c20)
    bb_fullpath:  rootdir = "/home/virdianhrn/git/sharesp241/virdianhrn/W03/helloworld-fuse/fuse-tutorial-2018-02-04/example/rootdir", path = "/virdianhrn.txt", fpath = "/home/virdianhrn/git/sharesp241/virdianhrn/W03/helloworld-fuse/fuse-tutorial-2018-02-04/example/rootdir/virdianhrn.txt"
    lstat returned 0
    si:
    st_dev = 2049
    st_ino = 395552
    st_mode = 0100644
    st_nlink = 1
    st_uid = 1000
    st_gid = 1000
    st_rdev = 0
    st_size = 0
    st_blksize = 4096
    st_blocks = 0
    st_atime = 0x65e0264a
    st_mtime = 0x65e0264a
    st_ctime = 0x65e0264a

bb_open(path"/virdianhrn.txt", fi=0x99248cd0)
    bb_fullpath:  rootdir = "/home/virdianhrn/git/sharesp241/virdianhrn/W03/helloworld-fuse/fuse-tutorial-2018-02-04/example/rootdir", path = "/virdianhrn.txt", fpath = "/home/virdianhrn/git/sharesp241/virdianhrn/W03/helloworld-fuse/fuse-tutorial-2018-02-04/example/rootdir/virdianhrn.txt"
    open returned 5
    fi:
    flags = 0x00008801
    fh_old = 0x00000000
    writepage = 0
    direct_io = 0
    keep_cache = 0
    fh = 0x0000000000000005
    lock_owner = 0x0000000000000000

bb_flush(path="/virdianhrn.txt", fi=0x98a25cd0)
    fi:
    flags = 0x00000000
    fh_old = 0x00000005
    writepage = 0
    direct_io = 0
    keep_cache = 0
    fh = 0x0000000000000005
    lock_owner = 0xa6bbc4fbcfb80b4f

bb_utime(path="/virdianhrn.txt", ubuf=0x99248a80)
    bb_fullpath:  rootdir = "/home/virdianhrn/git/sharesp241/virdianhrn/W03/helloworld-fuse/fuse-tutorial-2018-02-04/example/rootdir", path = "/virdianhrn.txt", fpath = "/home/virdianhrn/git/sharesp241/virdianhrn/W03/helloworld-fuse/fuse-tutorial-2018-02-04/example/rootdir/virdianhrn.txt"
    utime returned 0

bb_getattr(path="/virdianhrn.txt", statbuf=0x99248b50)
    bb_fullpath:  rootdir = "/home/virdianhrn/git/sharesp241/virdianhrn/W03/helloworld-fuse/fuse-tutorial-2018-02-04/example/rootdir", path = "/virdianhrn.txt", fpath = "/home/virdianhrn/git/sharesp241/virdianhrn/W03/helloworld-fuse/fuse-tutorial-2018-02-04/example/rootdir/virdianhrn.txt"
    lstat returned 0
    si:
    st_dev = 2049
    st_ino = 395552
    st_mode = 0100644
    st_nlink = 1
    st_uid = 1000
    st_gid = 1000
    st_rdev = 0
    st_size = 0
    st_blksize = 4096
    st_blocks = 0
    st_atime = 0x65e0264a
    st_mtime = 0x65e0264a
    st_ctime = 0x65e0264a

bb_flush(path="/virdianhrn.txt", fi=0x98a25cd0)
    fi:
    flags = 0x00000000
    fh_old = 0x00000005
    writepage = 0
    direct_io = 0
    keep_cache = 0
    fh = 0x0000000000000005
    lock_owner = 0xa6bbc4fbcfb80b4f

bb_release(path="/virdianhrn.txt", fi=0x99248cd0)
    fi:
    flags = 0x00008801
    fh_old = 0x00000005
    writepage = 0
    direct_io = 0
    keep_cache = 0
    fh = 0x0000000000000005
    lock_owner = 0x0000000000000000
    close returned 0

bb_getattr(path="/", statbuf=0x98a25bf0)
    bb_fullpath:  rootdir = "/home/virdianhrn/git/sharesp241/virdianhrn/W03/helloworld-fuse/fuse-tutorial-2018-02-04/example/rootdir", path = "/", fpath = "/home/virdianhrn/git/sharesp241/virdianhrn/W03/helloworld-fuse/fuse-tutorial-2018-02-04/example/rootdir/"
    lstat returned 0
    si:
    st_dev = 2049
    st_ino = 395412
    st_mode = 040755
    st_nlink = 2
    st_uid = 1000
    st_gid = 1000
    st_rdev = 0
    st_size = 4096
    st_blksize = 4096
    st_blocks = 8
    st_atime = 0x65e02544
    st_mtime = 0x65e0264a
    st_ctime = 0x65e0264a

bb_getattr(path="/", statbuf=0x99248bf0)
    bb_fullpath:  rootdir = "/home/virdianhrn/git/sharesp241/virdianhrn/W03/helloworld-fuse/fuse-tutorial-2018-02-04/example/rootdir", path = "/", fpath = "/home/virdianhrn/git/sharesp241/virdianhrn/W03/helloworld-fuse/fuse-tutorial-2018-02-04/example/rootdir/"
    lstat returned 0
    si:
    st_dev = 2049
    st_ino = 395412
    st_mode = 040755
    st_nlink = 2
    st_uid = 1000
    st_gid = 1000
    st_rdev = 0
    st_size = 4096
    st_blksize = 4096
    st_blocks = 8
    st_atime = 0x65e02544
    st_mtime = 0x65e0264a
    st_ctime = 0x65e0264a

bb_getxattr(path = "/", name = "security.selinux", value = 0x8c000c40, size = 255)
    bb_fullpath:  rootdir = "/home/virdianhrn/git/sharesp241/virdianhrn/W03/helloworld-fuse/fuse-tutorial-2018-02-04/example/rootdir", path = "/", fpath = "/home/virdianhrn/git/sharesp241/virdianhrn/W03/helloworld-fuse/fuse-tutorial-2018-02-04/example/rootdir/"
    lgetxattr returned -1
    ERROR lgetxattr: No data available

bb_getxattr(path = "/", name = "system.posix_acl_access", value = 0x94002180, size = 4096)
    bb_fullpath:  rootdir = "/home/virdianhrn/git/sharesp241/virdianhrn/W03/helloworld-fuse/fuse-tutorial-2018-02-04/example/rootdir", path = "/", fpath = "/home/virdianhrn/git/sharesp241/virdianhrn/W03/helloworld-fuse/fuse-tutorial-2018-02-04/example/rootdir/"
    lgetxattr returned -1
    ERROR lgetxattr: No data available

bb_getxattr(path = "/", name = "system.posix_acl_default", value = 0x8c0016e0, size = 4096)
    bb_fullpath:  rootdir = "/home/virdianhrn/git/sharesp241/virdianhrn/W03/helloworld-fuse/fuse-tutorial-2018-02-04/example/rootdir", path = "/", fpath = "/home/virdianhrn/git/sharesp241/virdianhrn/W03/helloworld-fuse/fuse-tutorial-2018-02-04/example/rootdir/"
    lgetxattr returned -1
    ERROR lgetxattr: No data available

bb_opendir(path="/", fi=0x99248c10)
    bb_fullpath:  rootdir = "/home/virdianhrn/git/sharesp241/virdianhrn/W03/helloworld-fuse/fuse-tutorial-2018-02-04/example/rootdir", path = "/", fpath = "/home/virdianhrn/git/sharesp241/virdianhrn/W03/helloworld-fuse/fuse-tutorial-2018-02-04/example/rootdir/"
    opendir returned 0x0x7f7f9400a2e0
    fi:
    flags = 0x00018800
    fh_old = 0x00000000
    writepage = 0
    direct_io = 0
    keep_cache = 0
    fh = 0x00007f7f9400a2e0
    lock_owner = 0x0000000000000000

bb_readdir(path="/", buf=0x94002180, filler=0x9945aa90, offset=0, fi=0x98a25c10)
    readdir returned 0x0x7f7f9400a310
calling filler with name virdianhrn.txt
calling filler with name .
calling filler with name bogus.txt
calling filler with name ..
    fi:
    flags = 0x00000000
    fh_old = 0x7f7f9400a2e0
    writepage = 0
    direct_io = 0
    keep_cache = 0
    fh = 0x00007f7f9400a2e0
    lock_owner = 0x0000000000000000

bb_getattr(path="/virdianhrn.txt", statbuf=0x99248c20)
    bb_fullpath:  rootdir = "/home/virdianhrn/git/sharesp241/virdianhrn/W03/helloworld-fuse/fuse-tutorial-2018-02-04/example/rootdir", path = "/virdianhrn.txt", fpath = "/home/virdianhrn/git/sharesp241/virdianhrn/W03/helloworld-fuse/fuse-tutorial-2018-02-04/example/rootdir/virdianhrn.txt"
    lstat returned 0
    si:
    st_dev = 2049
    st_ino = 395552
    st_mode = 0100644
    st_nlink = 1
    st_uid = 1000
    st_gid = 1000
    st_rdev = 0
    st_size = 0
    st_blksize = 4096
    st_blocks = 0
    st_atime = 0x65e0264a
    st_mtime = 0x65e0264a
    st_ctime = 0x65e0264a

bb_getxattr(path = "/virdianhrn.txt", name = "security.selinux", value = 0x8c000c40, size = 255)
    bb_fullpath:  rootdir = "/home/virdianhrn/git/sharesp241/virdianhrn/W03/helloworld-fuse/fuse-tutorial-2018-02-04/example/rootdir", path = "/virdianhrn.txt", fpath = "/home/virdianhrn/git/sharesp241/virdianhrn/W03/helloworld-fuse/fuse-tutorial-2018-02-04/example/rootdir/virdianhrn.txt"
    lgetxattr returned -1
    ERROR lgetxattr: No data available

bb_getxattr(path = "/virdianhrn.txt", name = "system.posix_acl_access", value = 0x94002200, size = 4096)
    bb_fullpath:  rootdir = "/home/virdianhrn/git/sharesp241/virdianhrn/W03/helloworld-fuse/fuse-tutorial-2018-02-04/example/rootdir", path = "/virdianhrn.txt", fpath = "/home/virdianhrn/git/sharesp241/virdianhrn/W03/helloworld-fuse/fuse-tutorial-2018-02-04/example/rootdir/virdianhrn.txt"
    lgetxattr returned -1
    ERROR lgetxattr: No data available

bb_getattr(path="/bogus.txt", statbuf=0x98a25c20)
    bb_fullpath:  rootdir = "/home/virdianhrn/git/sharesp241/virdianhrn/W03/helloworld-fuse/fuse-tutorial-2018-02-04/example/rootdir", path = "/bogus.txt", fpath = "/home/virdianhrn/git/sharesp241/virdianhrn/W03/helloworld-fuse/fuse-tutorial-2018-02-04/example/rootdir/bogus.txt"
    lstat returned 0
    si:
    st_dev = 2049
    st_ino = 395413
    st_mode = 0100644
    st_nlink = 1
    st_uid = 1000
    st_gid = 1000
    st_rdev = 0
    st_size = 11
    st_blksize = 4096
    st_blocks = 8
    st_atime = 0x65e02545
    st_mtime = 0x65e024e8
    st_ctime = 0x65e024e8

bb_getxattr(path = "/bogus.txt", name = "security.selinux", value = 0x94001e40, size = 255)
    bb_fullpath:  rootdir = "/home/virdianhrn/git/sharesp241/virdianhrn/W03/helloworld-fuse/fuse-tutorial-2018-02-04/example/rootdir", path = "/bogus.txt", fpath = "/home/virdianhrn/git/sharesp241/virdianhrn/W03/helloworld-fuse/fuse-tutorial-2018-02-04/example/rootdir/bogus.txt"
    lgetxattr returned -1
    ERROR lgetxattr: No data available

bb_getxattr(path = "/bogus.txt", name = "system.posix_acl_access", value = 0x8c001af0, size = 4096)
    bb_fullpath:  rootdir = "/home/virdianhrn/git/sharesp241/virdianhrn/W03/helloworld-fuse/fuse-tutorial-2018-02-04/example/rootdir", path = "/bogus.txt", fpath = "/home/virdianhrn/git/sharesp241/virdianhrn/W03/helloworld-fuse/fuse-tutorial-2018-02-04/example/rootdir/bogus.txt"
    lgetxattr returned -1
    ERROR lgetxattr: No data available

bb_releasedir(path="/", fi=0x98a25c10)
    fi:
    flags = 0x00000000
    fh_old = 0x7f7f9400a2e0
    writepage = 0
    direct_io = 0
    keep_cache = 0
    fh = 0x00007f7f9400a2e0
    lock_owner = 0x0000000000000000

bb_destroy(userdata=0x4f2ee2a0)
