06 Mar 2024 15:38:12.760 
bb_init()
06 Mar 2024 15:38:12.760     conn:
06 Mar 2024 15:38:12.760     proto_major = 7
06 Mar 2024 15:38:12.760     proto_minor = 39
06 Mar 2024 15:38:12.760     async_read = 1
06 Mar 2024 15:38:12.760     max_write = 131072
06 Mar 2024 15:38:12.760     max_readahead = 131072
06 Mar 2024 15:38:12.760     capable = 00000ffb
06 Mar 2024 15:38:12.760     want = 00000010
06 Mar 2024 15:38:12.760     max_background = 0
06 Mar 2024 15:38:12.760     congestion_threshold = 0
06 Mar 2024 15:38:12.760     context:
06 Mar 2024 15:38:12.760     fuse = f3c92800
06 Mar 2024 15:38:12.760     uid = 0
06 Mar 2024 15:38:12.760     gid = 0
06 Mar 2024 15:38:12.760     pid = 0
06 Mar 2024 15:38:12.760     private_data = f3c922a0
06 Mar 2024 15:38:12.760     logfile = f3c92320
06 Mar 2024 15:38:12.760     rootdir = /home/synchx/git/sharesp241/Synchx00/W03/fuse-tutorial-2018-02-04/example/rootdir
06 Mar 2024 15:38:12.760     umask = 00000
06 Mar 2024 15:38:23.232 
bb_getattr(path="/", statbuf=0xac60e678)
06 Mar 2024 15:38:23.232     bb_fullpath:  rootdir = "/home/synchx/git/sharesp241/Synchx00/W03/fuse-tutorial-2018-02-04/example/rootdir", path = "/", fpath = "/home/synchx/git/sharesp241/Synchx00/W03/fuse-tutorial-2018-02-04/example/rootdir/"
06 Mar 2024 15:38:23.233     lstat returned 0
06 Mar 2024 15:38:23.233     si:
06 Mar 2024 15:38:23.233     st_dev = 65026
06 Mar 2024 15:38:23.233     st_ino = 924125
06 Mar 2024 15:38:23.233     st_mode = 040755
06 Mar 2024 15:38:23.233     st_nlink = 2
06 Mar 2024 15:38:23.233     st_uid = 1000
06 Mar 2024 15:38:23.233     st_gid = 1000
06 Mar 2024 15:38:23.233     st_rdev = 0
06 Mar 2024 15:38:23.233     st_size = 4096
06 Mar 2024 15:38:23.233     st_blksize = 4096
06 Mar 2024 15:38:23.233     st_blocks = 8
06 Mar 2024 15:38:23.233     st_atime = 0x65e81fc6
06 Mar 2024 15:38:23.233     st_mtime = 0x65e81fc5
06 Mar 2024 15:38:23.233     st_ctime = 0x65e81fc5
06 Mar 2024 15:38:23.234 
bb_getxattr(path = "/", name = "security.selinux", value = 0x9c000c40, size = 255)
06 Mar 2024 15:38:23.234     bb_fullpath:  rootdir = "/home/synchx/git/sharesp241/Synchx00/W03/fuse-tutorial-2018-02-04/example/rootdir", path = "/", fpath = "/home/synchx/git/sharesp241/Synchx00/W03/fuse-tutorial-2018-02-04/example/rootdir/"
06 Mar 2024 15:38:23.234     lgetxattr returned -1
06 Mar 2024 15:38:23.234     ERROR lgetxattr: No data available
06 Mar 2024 15:38:23.234 
bb_getxattr(path = "/", name = "system.posix_acl_access", value = 0xa4003070, size = 4096)
06 Mar 2024 15:38:23.235     bb_fullpath:  rootdir = "/home/synchx/git/sharesp241/Synchx00/W03/fuse-tutorial-2018-02-04/example/rootdir", path = "/", fpath = "/home/synchx/git/sharesp241/Synchx00/W03/fuse-tutorial-2018-02-04/example/rootdir/"
06 Mar 2024 15:38:23.235     lgetxattr returned -1
06 Mar 2024 15:38:23.235     ERROR lgetxattr: No data available
06 Mar 2024 15:38:23.235 
bb_getxattr(path = "/", name = "system.posix_acl_default", value = 0x9c000ef0, size = 4096)
06 Mar 2024 15:38:23.235     bb_fullpath:  rootdir = "/home/synchx/git/sharesp241/Synchx00/W03/fuse-tutorial-2018-02-04/example/rootdir", path = "/", fpath = "/home/synchx/git/sharesp241/Synchx00/W03/fuse-tutorial-2018-02-04/example/rootdir/"
06 Mar 2024 15:38:23.235     lgetxattr returned -1
06 Mar 2024 15:38:23.235     ERROR lgetxattr: No data available
06 Mar 2024 15:38:23.235 
bb_opendir(path="/", fi=0xac60e690)
06 Mar 2024 15:38:23.235     bb_fullpath:  rootdir = "/home/synchx/git/sharesp241/Synchx00/W03/fuse-tutorial-2018-02-04/example/rootdir", path = "/", fpath = "/home/synchx/git/sharesp241/Synchx00/W03/fuse-tutorial-2018-02-04/example/rootdir/"
06 Mar 2024 15:38:23.235     opendir returned 0x0xffffa4003070
06 Mar 2024 15:38:23.235     fi:
06 Mar 2024 15:38:23.235     flags = 0x00024800
06 Mar 2024 15:38:23.235     fh_old = 0x00000000
06 Mar 2024 15:38:23.235     writepage = 0
06 Mar 2024 15:38:23.235     direct_io = 0
06 Mar 2024 15:38:23.235     keep_cache = 0
06 Mar 2024 15:38:23.235     fh = 0x0000ffffa4003070
06 Mar 2024 15:38:23.235     lock_owner = 0x0000000000000000
06 Mar 2024 15:38:23.236 
bb_readdir(path="/", buf=0xa4001340, filler=0xac87a1d0, offset=0, fi=0xabc0e690)
06 Mar 2024 15:38:23.236     readdir returned 0x0xffffa40030a0
06 Mar 2024 15:38:23.236 calling filler with name ..
06 Mar 2024 15:38:23.236 calling filler with name bogus.txt
06 Mar 2024 15:38:23.236 calling filler with name .
06 Mar 2024 15:38:23.236 calling filler with name Synchx00.txt
06 Mar 2024 15:38:23.236     fi:
06 Mar 2024 15:38:23.236     flags = 0x00000000
06 Mar 2024 15:38:23.236     fh_old = 0xffffa4003070
06 Mar 2024 15:38:23.236     writepage = 0
06 Mar 2024 15:38:23.236     direct_io = 0
06 Mar 2024 15:38:23.236     keep_cache = 0
06 Mar 2024 15:38:23.236     fh = 0x0000ffffa4003070
06 Mar 2024 15:38:23.236     lock_owner = 0x0000000000000000
06 Mar 2024 15:38:23.236 
bb_getattr(path="/bogus.txt", statbuf=0xac60e6a8)
06 Mar 2024 15:38:23.236     bb_fullpath:  rootdir = "/home/synchx/git/sharesp241/Synchx00/W03/fuse-tutorial-2018-02-04/example/rootdir", path = "/bogus.txt", fpath = "/home/synchx/git/sharesp241/Synchx00/W03/fuse-tutorial-2018-02-04/example/rootdir/bogus.txt"
06 Mar 2024 15:38:23.236     lstat returned 0
06 Mar 2024 15:38:23.236     si:
06 Mar 2024 15:38:23.236     st_dev = 65026
06 Mar 2024 15:38:23.236     st_ino = 924126
06 Mar 2024 15:38:23.236     st_mode = 0100644
06 Mar 2024 15:38:23.236     st_nlink = 1
06 Mar 2024 15:38:23.236     st_uid = 1000
06 Mar 2024 15:38:23.236     st_gid = 1000
06 Mar 2024 15:38:23.236     st_rdev = 0
06 Mar 2024 15:38:23.236     st_size = 11
06 Mar 2024 15:38:23.236     st_blksize = 4096
06 Mar 2024 15:38:23.236     st_blocks = 8
06 Mar 2024 15:38:23.236     st_atime = 0x65e81e97
06 Mar 2024 15:38:23.236     st_mtime = 0x65e82b4b
06 Mar 2024 15:38:23.236     st_ctime = 0x65e82b4b
06 Mar 2024 15:38:23.236 
bb_getxattr(path = "/bogus.txt", name = "security.selinux", value = 0x9c000c40, size = 255)
06 Mar 2024 15:38:23.236     bb_fullpath:  rootdir = "/home/synchx/git/sharesp241/Synchx00/W03/fuse-tutorial-2018-02-04/example/rootdir", path = "/bogus.txt", fpath = "/home/synchx/git/sharesp241/Synchx00/W03/fuse-tutorial-2018-02-04/example/rootdir/bogus.txt"
06 Mar 2024 15:38:23.236     lgetxattr returned -1
06 Mar 2024 15:38:23.236     ERROR lgetxattr: No data available
06 Mar 2024 15:38:23.236 
bb_getxattr(path = "/bogus.txt", name = "system.posix_acl_access", value = 0xa400b0b0, size = 4096)
06 Mar 2024 15:38:23.236     bb_fullpath:  rootdir = "/home/synchx/git/sharesp241/Synchx00/W03/fuse-tutorial-2018-02-04/example/rootdir", path = "/bogus.txt", fpath = "/home/synchx/git/sharesp241/Synchx00/W03/fuse-tutorial-2018-02-04/example/rootdir/bogus.txt"
06 Mar 2024 15:38:23.236     lgetxattr returned -1
06 Mar 2024 15:38:23.236     ERROR lgetxattr: No data available
06 Mar 2024 15:38:23.237 
bb_getattr(path="/Synchx00.txt", statbuf=0xabc0e6a8)
06 Mar 2024 15:38:23.237     bb_fullpath:  rootdir = "/home/synchx/git/sharesp241/Synchx00/W03/fuse-tutorial-2018-02-04/example/rootdir", path = "/Synchx00.txt", fpath = "/home/synchx/git/sharesp241/Synchx00/W03/fuse-tutorial-2018-02-04/example/rootdir/Synchx00.txt"
06 Mar 2024 15:38:23.237     lstat returned 0
06 Mar 2024 15:38:23.237     si:
06 Mar 2024 15:38:23.237     st_dev = 65026
06 Mar 2024 15:38:23.237     st_ino = 922345
06 Mar 2024 15:38:23.237     st_mode = 0100644
06 Mar 2024 15:38:23.237     st_nlink = 1
06 Mar 2024 15:38:23.237     st_uid = 1000
06 Mar 2024 15:38:23.237     st_gid = 1000
06 Mar 2024 15:38:23.237     st_rdev = 0
06 Mar 2024 15:38:23.237     st_size = 0
06 Mar 2024 15:38:23.237     st_blksize = 4096
06 Mar 2024 15:38:23.237     st_blocks = 0
06 Mar 2024 15:38:23.237     st_atime = 0x65e81fc5
06 Mar 2024 15:38:23.237     st_mtime = 0x65e81fc5
06 Mar 2024 15:38:23.237     st_ctime = 0x65e81fc5
06 Mar 2024 15:38:23.239 
bb_getxattr(path = "/Synchx00.txt", name = "security.selinux", value = 0xa4001110, size = 255)
06 Mar 2024 15:38:23.239     bb_fullpath:  rootdir = "/home/synchx/git/sharesp241/Synchx00/W03/fuse-tutorial-2018-02-04/example/rootdir", path = "/Synchx00.txt", fpath = "/home/synchx/git/sharesp241/Synchx00/W03/fuse-tutorial-2018-02-04/example/rootdir/Synchx00.txt"
06 Mar 2024 15:38:23.239     lgetxattr returned -1
06 Mar 2024 15:38:23.239     ERROR lgetxattr: No data available
06 Mar 2024 15:38:23.240 
bb_getxattr(path = "/Synchx00.txt", name = "system.posix_acl_access", value = 0x9c001540, size = 4096)
06 Mar 2024 15:38:23.240     bb_fullpath:  rootdir = "/home/synchx/git/sharesp241/Synchx00/W03/fuse-tutorial-2018-02-04/example/rootdir", path = "/Synchx00.txt", fpath = "/home/synchx/git/sharesp241/Synchx00/W03/fuse-tutorial-2018-02-04/example/rootdir/Synchx00.txt"
06 Mar 2024 15:38:23.240     lgetxattr returned -1
06 Mar 2024 15:38:23.240     ERROR lgetxattr: No data available
06 Mar 2024 15:38:23.240 
bb_releasedir(path="/", fi=0xabc0e690)
06 Mar 2024 15:38:23.240     fi:
06 Mar 2024 15:38:23.240     flags = 0x00000000
06 Mar 2024 15:38:23.240     fh_old = 0xffffa4003070
06 Mar 2024 15:38:23.240     writepage = 0
06 Mar 2024 15:38:23.240     direct_io = 0
06 Mar 2024 15:38:23.240     keep_cache = 0
06 Mar 2024 15:38:23.240     fh = 0x0000ffffa4003070
06 Mar 2024 15:38:23.240     lock_owner = 0x0000000000000000
06 Mar 2024 15:38:58.961 
bb_destroy(userdata=0xf3c922a0)
