06 Mar 2024 15:42:18.555 
bb_init()
06 Mar 2024 15:42:18.555     conn:
06 Mar 2024 15:42:18.555     proto_major = 7
06 Mar 2024 15:42:18.555     proto_minor = 39
06 Mar 2024 15:42:18.555     async_read = 1
06 Mar 2024 15:42:18.556     max_write = 131072
06 Mar 2024 15:42:18.557     max_readahead = 131072
06 Mar 2024 15:42:18.557     capable = 00000ffb
06 Mar 2024 15:42:18.557     want = 00000010
06 Mar 2024 15:42:18.557     max_background = 0
06 Mar 2024 15:42:18.557     congestion_threshold = 0
06 Mar 2024 15:42:18.557     context:
06 Mar 2024 15:42:18.557     fuse = 0a8ba810
06 Mar 2024 15:42:18.557     uid = 0
06 Mar 2024 15:42:18.557     gid = 0
06 Mar 2024 15:42:18.557     pid = 0
06 Mar 2024 15:42:18.557     private_data = 0a8ba2a0
06 Mar 2024 15:42:18.557     logfile = 0a8ba320
06 Mar 2024 15:42:18.557     rootdir = /home/naufalzz/git/sharesp241/KingGedorah/W03/fuse-tutorial-2018-02-04/example/rootdir
06 Mar 2024 15:42:18.557     umask = 00000
06 Mar 2024 15:42:22.490 
bb_getattr(path="/", statbuf=0xdf0bebf0)
06 Mar 2024 15:42:22.490     bb_fullpath:  rootdir = "/home/naufalzz/git/sharesp241/KingGedorah/W03/fuse-tutorial-2018-02-04/example/rootdir", path = "/", fpath = "/home/naufalzz/git/sharesp241/KingGedorah/W03/fuse-tutorial-2018-02-04/example/rootdir/"
06 Mar 2024 15:42:22.490     lstat returned 0
06 Mar 2024 15:42:22.490     si:
06 Mar 2024 15:42:22.490     st_dev = 2049
06 Mar 2024 15:42:22.490     st_ino = 1441044
06 Mar 2024 15:42:22.490     st_mode = 040755
06 Mar 2024 15:42:22.490     st_nlink = 2
06 Mar 2024 15:42:22.490     st_uid = 1000
06 Mar 2024 15:42:22.490     st_gid = 1000
06 Mar 2024 15:42:22.490     st_rdev = 0
06 Mar 2024 15:42:22.490     st_size = 4096
06 Mar 2024 15:42:22.490     st_blksize = 4096
06 Mar 2024 15:42:22.490     st_blocks = 8
06 Mar 2024 15:42:22.490     st_atime = 0x65e7ed58
06 Mar 2024 15:42:22.491     st_mtime = 0x65e7ed54
06 Mar 2024 15:42:22.492     st_ctime = 0x65e7ed54
06 Mar 2024 15:42:22.494 
bb_getxattr(path = "/", name = "security.selinux", value = 0xd8001110, size = 255)
06 Mar 2024 15:42:22.494     bb_fullpath:  rootdir = "/home/naufalzz/git/sharesp241/KingGedorah/W03/fuse-tutorial-2018-02-04/example/rootdir", path = "/", fpath = "/home/naufalzz/git/sharesp241/KingGedorah/W03/fuse-tutorial-2018-02-04/example/rootdir/"
06 Mar 2024 15:42:22.494     lgetxattr returned -1
06 Mar 2024 15:42:22.494     ERROR lgetxattr: No data available
06 Mar 2024 15:42:22.494 
bb_getxattr(path = "/", name = "system.posix_acl_access", value = 0xd0000de0, size = 4096)
06 Mar 2024 15:42:22.494     bb_fullpath:  rootdir = "/home/naufalzz/git/sharesp241/KingGedorah/W03/fuse-tutorial-2018-02-04/example/rootdir", path = "/", fpath = "/home/naufalzz/git/sharesp241/KingGedorah/W03/fuse-tutorial-2018-02-04/example/rootdir/"
06 Mar 2024 15:42:22.494     lgetxattr returned -1
06 Mar 2024 15:42:22.494     ERROR lgetxattr: No data available
06 Mar 2024 15:42:22.496 
bb_getxattr(path = "/", name = "system.posix_acl_default", value = 0xd8003070, size = 4096)
06 Mar 2024 15:42:22.496     bb_fullpath:  rootdir = "/home/naufalzz/git/sharesp241/KingGedorah/W03/fuse-tutorial-2018-02-04/example/rootdir", path = "/", fpath = "/home/naufalzz/git/sharesp241/KingGedorah/W03/fuse-tutorial-2018-02-04/example/rootdir/"
06 Mar 2024 15:42:22.496     lgetxattr returned -1
06 Mar 2024 15:42:22.496     ERROR lgetxattr: No data available
06 Mar 2024 15:42:22.496 
bb_opendir(path="/", fi=0xdf0bec10)
06 Mar 2024 15:42:22.496     bb_fullpath:  rootdir = "/home/naufalzz/git/sharesp241/KingGedorah/W03/fuse-tutorial-2018-02-04/example/rootdir", path = "/", fpath = "/home/naufalzz/git/sharesp241/KingGedorah/W03/fuse-tutorial-2018-02-04/example/rootdir/"
06 Mar 2024 15:42:22.497     opendir returned 0x0x7ff1d0000ef0
06 Mar 2024 15:42:22.497     fi:
06 Mar 2024 15:42:22.497     flags = 0x00018800
06 Mar 2024 15:42:22.497     fh_old = 0x00000000
06 Mar 2024 15:42:22.497     writepage = 0
06 Mar 2024 15:42:22.497     direct_io = 0
06 Mar 2024 15:42:22.497     keep_cache = 0
06 Mar 2024 15:42:22.497     fh = 0x00007ff1d0000ef0
06 Mar 2024 15:42:22.497     lock_owner = 0x0000000000000000
06 Mar 2024 15:42:22.503 
bb_readdir(path="/", buf=0xd0000e70, filler=0xdfaf3a90, offset=0, fi=0xdf8e1c10)
06 Mar 2024 15:42:22.503     readdir returned 0x0x7ff1d0000f20
06 Mar 2024 15:42:22.505 calling filler with name ..
06 Mar 2024 15:42:22.505 calling filler with name .
06 Mar 2024 15:42:22.505 calling filler with name bogus.txt
06 Mar 2024 15:42:22.505 calling filler with name KingGedorah.txt
06 Mar 2024 15:42:22.505     fi:
06 Mar 2024 15:42:22.505     flags = 0x00000000
06 Mar 2024 15:42:22.506     fh_old = 0x7ff1d0000ef0
06 Mar 2024 15:42:22.506     writepage = 0
06 Mar 2024 15:42:22.506     direct_io = 0
06 Mar 2024 15:42:22.506     keep_cache = 0
06 Mar 2024 15:42:22.506     fh = 0x00007ff1d0000ef0
06 Mar 2024 15:42:22.506     lock_owner = 0x0000000000000000
06 Mar 2024 15:42:22.512 
bb_getattr(path="/bogus.txt", statbuf=0xdf0bec20)
06 Mar 2024 15:42:22.512     bb_fullpath:  rootdir = "/home/naufalzz/git/sharesp241/KingGedorah/W03/fuse-tutorial-2018-02-04/example/rootdir", path = "/bogus.txt", fpath = "/home/naufalzz/git/sharesp241/KingGedorah/W03/fuse-tutorial-2018-02-04/example/rootdir/bogus.txt"
06 Mar 2024 15:42:22.512     lstat returned 0
06 Mar 2024 15:42:22.512     si:
06 Mar 2024 15:42:22.512     st_dev = 2049
06 Mar 2024 15:42:22.512     st_ino = 1441045
06 Mar 2024 15:42:22.512     st_mode = 0100644
06 Mar 2024 15:42:22.512     st_nlink = 1
06 Mar 2024 15:42:22.514     st_uid = 1000
06 Mar 2024 15:42:22.515     st_gid = 1000
06 Mar 2024 15:42:22.515     st_rdev = 0
06 Mar 2024 15:42:22.515     st_size = 11
06 Mar 2024 15:42:22.515     st_blksize = 4096
06 Mar 2024 15:42:22.515     st_blocks = 8
06 Mar 2024 15:42:22.515     st_atime = 0x65e7edb1
06 Mar 2024 15:42:22.515     st_mtime = 0x65e82c46
06 Mar 2024 15:42:22.515     st_ctime = 0x65e82c46
06 Mar 2024 15:42:22.516 
bb_getxattr(path = "/bogus.txt", name = "security.selinux", value = 0xd8001110, size = 255)
06 Mar 2024 15:42:22.516     bb_fullpath:  rootdir = "/home/naufalzz/git/sharesp241/KingGedorah/W03/fuse-tutorial-2018-02-04/example/rootdir", path = "/bogus.txt", fpath = "/home/naufalzz/git/sharesp241/KingGedorah/W03/fuse-tutorial-2018-02-04/example/rootdir/bogus.txt"
06 Mar 2024 15:42:22.516     lgetxattr returned -1
06 Mar 2024 15:42:22.516     ERROR lgetxattr: No data available
06 Mar 2024 15:42:22.516 
bb_getxattr(path = "/bogus.txt", name = "system.posix_acl_access", value = 0xd0009050, size = 4096)
06 Mar 2024 15:42:22.516     bb_fullpath:  rootdir = "/home/naufalzz/git/sharesp241/KingGedorah/W03/fuse-tutorial-2018-02-04/example/rootdir", path = "/bogus.txt", fpath = "/home/naufalzz/git/sharesp241/KingGedorah/W03/fuse-tutorial-2018-02-04/example/rootdir/bogus.txt"
06 Mar 2024 15:42:22.517     lgetxattr returned -1
06 Mar 2024 15:42:22.517     ERROR lgetxattr: No data available
06 Mar 2024 15:42:22.517 
bb_getattr(path="/KingGedorah.txt", statbuf=0xdf8e1c20)
06 Mar 2024 15:42:22.517     bb_fullpath:  rootdir = "/home/naufalzz/git/sharesp241/KingGedorah/W03/fuse-tutorial-2018-02-04/example/rootdir", path = "/KingGedorah.txt", fpath = "/home/naufalzz/git/sharesp241/KingGedorah/W03/fuse-tutorial-2018-02-04/example/rootdir/KingGedorah.txt"
06 Mar 2024 15:42:22.517     lstat returned 0
06 Mar 2024 15:42:22.517     si:
06 Mar 2024 15:42:22.517     st_dev = 2049
06 Mar 2024 15:42:22.517     st_ino = 1441048
06 Mar 2024 15:42:22.517     st_mode = 0100644
06 Mar 2024 15:42:22.517     st_nlink = 1
06 Mar 2024 15:42:22.517     st_uid = 1000
06 Mar 2024 15:42:22.517     st_gid = 1000
06 Mar 2024 15:42:22.517     st_rdev = 0
06 Mar 2024 15:42:22.518     st_size = 0
06 Mar 2024 15:42:22.518     st_blksize = 4096
06 Mar 2024 15:42:22.518     st_blocks = 0
06 Mar 2024 15:42:22.518     st_atime = 0x65e7ed54
06 Mar 2024 15:42:22.518     st_mtime = 0x65e7ed54
06 Mar 2024 15:42:22.518     st_ctime = 0x65e7ed54
06 Mar 2024 15:42:22.519 
bb_getxattr(path = "/KingGedorah.txt", name = "security.selinux", value = 0xd0000c40, size = 255)
06 Mar 2024 15:42:22.519     bb_fullpath:  rootdir = "/home/naufalzz/git/sharesp241/KingGedorah/W03/fuse-tutorial-2018-02-04/example/rootdir", path = "/KingGedorah.txt", fpath = "/home/naufalzz/git/sharesp241/KingGedorah/W03/fuse-tutorial-2018-02-04/example/rootdir/KingGedorah.txt"
06 Mar 2024 15:42:22.519     lgetxattr returned -1
06 Mar 2024 15:42:22.519     ERROR lgetxattr: No data available
06 Mar 2024 15:42:22.519 
bb_getxattr(path = "/KingGedorah.txt", name = "system.posix_acl_access", value = 0xd8003070, size = 4096)
06 Mar 2024 15:42:22.520     bb_fullpath:  rootdir = "/home/naufalzz/git/sharesp241/KingGedorah/W03/fuse-tutorial-2018-02-04/example/rootdir", path = "/KingGedorah.txt", fpath = "/home/naufalzz/git/sharesp241/KingGedorah/W03/fuse-tutorial-2018-02-04/example/rootdir/KingGedorah.txt"
06 Mar 2024 15:42:22.521     lgetxattr returned -1
06 Mar 2024 15:42:22.521     ERROR lgetxattr: No data available
06 Mar 2024 15:42:22.522 
bb_releasedir(path="/", fi=0xdf8e1c10)
06 Mar 2024 15:42:22.522     fi:
06 Mar 2024 15:42:22.522     flags = 0x00000000
06 Mar 2024 15:42:22.522     fh_old = 0x7ff1d0000ef0
06 Mar 2024 15:42:22.522     writepage = 0
06 Mar 2024 15:42:22.522     direct_io = 0
06 Mar 2024 15:42:22.522     keep_cache = 0
06 Mar 2024 15:42:22.522     fh = 0x00007ff1d0000ef0
06 Mar 2024 15:42:22.522     lock_owner = 0x0000000000000000
06 Mar 2024 15:42:40.041 
bb_destroy(userdata=0x0a8ba2a0)
